TN:
SF:/Users/dsmith/dev/incubator-superset/superset/assets/src/featureFlags.ts
FN:21,(anonymous_0)
FN:40,initFeatureFlags
FN:44,isFeatureEnabled
FNF:3
FNH:2
FNDA:46,(anonymous_0)
FNDA:0,initFeatureFlags
FNDA:73,isFeatureEnabled
DA:21,46
DA:22,46
DA:23,46
DA:24,46
DA:25,46
DA:26,46
DA:27,46
DA:40,46
DA:41,0
DA:44,46
DA:45,73
LF:11
LH:10
BRDA:21,0,0,46
BRDA:21,0,1,46
BRDA:41,1,0,0
BRDA:41,1,1,0
BRDA:45,2,0,73
BRDA:45,2,1,73
BRDA:45,2,2,0
BRF:7
BRH:4
end_of_record
TN:
SF:/Users/dsmith/dev/incubator-superset/superset/assets/src/preamble.js
FNF:0
FNH:0
DA:27,0
DA:28,0
DA:29,0
DA:32,0
DA:33,0
DA:34,0
DA:35,0
DA:37,0
DA:40,0
DA:44,0
DA:47,0
DA:50,0
LF:12
LH:0
BRDA:27,0,0,0
BRDA:27,0,1,0
BRDA:29,1,0,0
BRDA:29,1,1,0
BRDA:32,2,0,0
BRDA:32,2,1,0
BRDA:32,3,0,0
BRDA:32,3,1,0
BRF:8
BRH:0
end_of_record
TN:
SF:/Users/dsmith/dev/incubator-superset/superset/assets/src/reduxUtils.js
FN:24,addToObject
FN:35,alterInObject
FN:41,alterInArr
FN:45,(anonymous_3)
FN:55,removeFromArr
FN:57,(anonymous_5)
FN:65,getFromArr
FN:67,(anonymous_7)
FN:75,addToArr
FN:89,extendArr
FN:91,(anonymous_10)
FN:106,initEnhancer
FN:119,areArraysShallowEqual
FN:139,areObjectsEqual
FNF:14
FNH:11
FNDA:3,addToObject
FNDA:1,alterInObject
FNDA:14,alterInArr
FNDA:22,(anonymous_3)
FNDA:2,removeFromArr
FNDA:3,(anonymous_5)
FNDA:3,getFromArr
FNDA:3,(anonymous_7)
FNDA:15,addToArr
FNDA:0,extendArr
FNDA:0,(anonymous_10)
FNDA:0,initEnhancer
FNDA:13,areArraysShallowEqual
FNDA:6,areObjectsEqual
DA:25,3
DA:26,3
DA:28,3
DA:29,0
DA:31,3
DA:32,3
DA:36,1
DA:37,1
DA:38,1
DA:44,14
DA:45,14
DA:46,22
DA:47,14
DA:49,8
DA:52,14
DA:56,2
DA:57,2
DA:58,3
DA:59,1
DA:62,2
DA:67,3
DA:68,3
DA:69,3
DA:72,3
DA:76,15
DA:77,15
DA:78,0
DA:80,15
DA:81,15
DA:82,0
DA:84,15
DA:86,15
DA:90,0
DA:91,0
DA:92,0
DA:94,0
DA:97,0
DA:98,0
DA:99,0
DA:101,0
DA:103,0
DA:107,0
DA:109,0
DA:114,0
DA:124,13
DA:125,0
DA:127,13
DA:128,2
DA:130,11
DA:131,11
DA:132,3
DA:133,0
DA:136,11
DA:140,6
LF:54
LH:37
BRDA:28,0,0,0
BRDA:28,0,1,3
BRDA:41,1,0,14
BRDA:46,2,0,14
BRDA:46,2,1,8
BRDA:55,3,0,2
BRDA:58,4,0,1
BRDA:58,4,1,2
BRDA:68,5,0,3
BRDA:68,5,1,0
BRDA:75,6,0,15
BRDA:77,7,0,0
BRDA:77,7,1,15
BRDA:81,8,0,0
BRDA:81,8,1,15
BRDA:89,9,0,0
BRDA:92,10,0,0
BRDA:92,10,1,0
BRDA:98,11,0,0
BRDA:98,11,1,0
BRDA:106,12,0,0
BRDA:106,13,0,0
BRDA:109,14,0,0
BRDA:109,14,1,0
BRDA:111,15,0,0
BRDA:111,15,1,0
BRDA:114,16,0,0
BRDA:114,16,1,0
BRDA:124,17,0,0
BRDA:124,17,1,13
BRDA:124,18,0,13
BRDA:124,18,1,13
BRDA:127,19,0,2
BRDA:127,19,1,11
BRDA:132,20,0,0
BRDA:132,20,1,3
BRF:36
BRH:17
end_of_record
TN:
SF:/Users/dsmith/dev/incubator-superset/superset/assets/src/tags.js
FN:22,fetchTags
FN:34,(anonymous_1)
FN:40,(anonymous_2)
FN:42,(anonymous_3)
FN:45,(anonymous_4)
FN:48,fetchSuggestions
FN:53,(anonymous_6)
FN:59,(anonymous_7)
FN:61,(anonymous_8)
FN:64,(anonymous_9)
FN:67,deleteTag
FN:86,(anonymous_11)
FN:95,addTag
FN:119,(anonymous_13)
FN:128,fetchObjects
FN:144,(anonymous_15)
FN:145,(anonymous_16)
FNF:17
FNH:6
FNDA:3,fetchTags
FNDA:3,(anonymous_1)
FNDA:0,(anonymous_2)
FNDA:0,(anonymous_3)
FNDA:3,(anonymous_4)
FNDA:3,fetchSuggestions
FNDA:3,(anonymous_6)
FNDA:0,(anonymous_7)
FNDA:0,(anonymous_8)
FNDA:3,(anonymous_9)
FNDA:0,deleteTag
FNDA:0,(anonymous_11)
FNDA:0,addTag
FNDA:0,(anonymous_13)
FNDA:0,fetchObjects
FNDA:0,(anonymous_15)
FNDA:0,(anonymous_16)
DA:23,3
DA:24,0
DA:26,3
DA:27,3
DA:29,3
DA:31,3
DA:32,3
DA:35,3
DA:36,0
DA:38,3
DA:41,0
DA:42,0
DA:45,3
DA:50,3
DA:51,3
DA:54,3
DA:55,0
DA:57,3
DA:60,0
DA:61,0
DA:64,3
DA:68,0
DA:69,0
DA:71,0
DA:72,0
DA:74,0
DA:75,0
DA:76,0
DA:87,0
DA:88,0
DA:90,0
DA:96,0
DA:97,0
DA:99,0
DA:100,0
DA:102,0
DA:104,0
DA:105,0
DA:107,0
DA:108,0
DA:109,0
DA:120,0
DA:121,0
DA:123,0
DA:129,0
DA:130,0
DA:132,0
DA:133,0
DA:134,0
DA:136,0
DA:137,0
DA:144,0
DA:145,0
LF:53
LH:14
BRDA:23,0,0,0
BRDA:23,0,1,3
BRDA:23,1,0,3
BRDA:23,1,1,3
BRDA:29,2,0,3
BRDA:29,2,1,0
BRDA:35,3,0,0
BRDA:35,3,1,3
BRDA:42,4,0,0
BRDA:42,4,1,0
BRDA:50,5,0,3
BRDA:50,5,1,0
BRDA:54,6,0,0
BRDA:54,6,1,3
BRDA:61,7,0,0
BRDA:61,7,1,0
BRDA:68,8,0,0
BRDA:68,8,1,0
BRDA:68,9,0,0
BRDA:68,9,1,0
BRDA:87,10,0,0
BRDA:87,10,1,0
BRDA:96,11,0,0
BRDA:96,11,1,0
BRDA:96,12,0,0
BRDA:96,12,1,0
BRDA:102,13,0,0
BRDA:102,13,1,0
BRDA:104,14,0,0
BRDA:104,14,1,0
BRDA:104,15,0,0
BRDA:104,15,1,0
BRDA:120,16,0,0
BRDA:120,16,1,0
BRDA:129,17,0,0
BRDA:129,17,1,0
BRDA:133,18,0,0
BRDA:133,18,1,0
BRF:38
BRH:7
end_of_record
TN:
SF:/Users/dsmith/dev/incubator-superset/superset/assets/src/theme.js
FNF:0
FNH:0
LF:0
LH:0
BRF:0
BRH:0
end_of_record
TN:
SF:/Users/dsmith/dev/incubator-superset/superset/assets/src/CRUD/CollectionTable.jsx
FN:42,(anonymous_0)
FN:48,(anonymous_1)
FN:52,(anonymous_2)
FN:55,createKeyedCollection
FN:56,(anonymous_4)
FN:61,(anonymous_5)
FN:68,(anonymous_6)
FN:82,(anonymous_7)
FN:89,(anonymous_8)
FN:98,(anonymous_9)
FN:108,(anonymous_10)
FN:114,(anonymous_11)
FN:123,(anonymous_12)
FN:125,(anonymous_13)
FN:127,(anonymous_14)
FN:132,(anonymous_15)
FN:139,(anonymous_16)
FN:148,(anonymous_17)
FN:154,(anonymous_18)
FN:162,(anonymous_19)
FN:163,(anonymous_20)
FN:170,(anonymous_21)
FN:176,(anonymous_22)
FN:195,(anonymous_23)
FN:228,(anonymous_24)
FN:235,(anonymous_25)
FN:237,(anonymous_26)
FN:240,(anonymous_27)
FN:244,(anonymous_28)
FNF:29
FNH:15
FNDA:0,(anonymous_0)
FNDA:0,(anonymous_1)
FNDA:0,(anonymous_2)
FNDA:2,createKeyedCollection
FNDA:14,(anonymous_4)
FNDA:14,(anonymous_5)
FNDA:2,(anonymous_6)
FNDA:0,(anonymous_7)
FNDA:0,(anonymous_8)
FNDA:0,(anonymous_9)
FNDA:0,(anonymous_10)
FNDA:6,(anonymous_11)
FNDA:0,(anonymous_12)
FNDA:0,(anonymous_13)
FNDA:0,(anonymous_14)
FNDA:2,(anonymous_15)
FNDA:0,(anonymous_16)
FNDA:2,(anonymous_17)
FNDA:6,(anonymous_18)
FNDA:0,(anonymous_19)
FNDA:0,(anonymous_20)
FNDA:42,(anonymous_21)
FNDA:14,(anonymous_22)
FNDA:42,(anonymous_23)
FNDA:0,(anonymous_24)
FNDA:2,(anonymous_25)
FNDA:14,(anonymous_26)
FNDA:14,(anonymous_27)
FNDA:2,(anonymous_28)
DA:28,31
DA:41,31
DA:48,0
DA:52,31
DA:53,31
DA:56,14
DA:60,2
DA:61,2
DA:62,14
DA:64,2
DA:69,2
DA:70,2
DA:74,2
DA:75,2
DA:76,2
DA:77,2
DA:78,2
DA:79,2
DA:80,2
DA:83,0
DA:84,0
DA:90,0
DA:99,0
DA:100,0
DA:101,0
DA:103,0
DA:109,0
DA:115,6
DA:116,6
DA:117,6
DA:119,0
DA:121,6
DA:124,0
DA:125,0
DA:128,0
DA:129,0
DA:130,0
DA:133,2
DA:134,2
DA:137,2
DA:140,0
DA:141,0
DA:149,2
DA:150,2
DA:155,6
DA:163,0
DA:164,0
DA:171,42
DA:172,42
DA:173,42
DA:174,42
DA:177,14
DA:180,14
DA:181,14
DA:182,14
DA:183,0
DA:194,14
DA:196,42
DA:199,14
DA:200,0
DA:209,14
DA:214,14
DA:215,0
DA:226,14
DA:229,0
DA:236,2
DA:237,14
DA:239,2
DA:240,14
DA:242,2
DA:245,2
DA:263,31
DA:264,31
LF:73
LH:50
BRDA:58,0,0,14
BRDA:58,0,1,14
BRDA:83,1,0,0
BRDA:83,1,1,0
BRDA:100,2,0,0
BRDA:100,2,1,0
BRDA:116,3,0,0
BRDA:116,3,1,6
BRDA:117,4,0,0
BRDA:117,4,1,6
BRDA:134,5,0,0
BRDA:134,5,1,2
BRDA:137,6,0,0
BRDA:137,6,1,2
BRDA:153,7,0,2
BRDA:153,7,1,0
BRDA:157,8,0,2
BRDA:157,8,1,0
BRDA:174,9,0,0
BRDA:174,9,1,42
BRDA:180,10,0,14
BRDA:180,10,1,14
BRDA:182,11,0,0
BRDA:182,11,1,14
BRDA:187,12,0,0
BRDA:187,12,1,0
BRDA:199,13,0,0
BRDA:199,13,1,14
BRDA:214,14,0,0
BRDA:214,14,1,14
BRDA:239,15,0,2
BRDA:239,15,1,0
BRDA:252,16,0,2
BRDA:252,16,1,0
BRF:34
BRH:16
end_of_record
TN:
SF:/Users/dsmith/dev/incubator-superset/superset/assets/src/CRUD/Field.jsx
FN:43,(anonymous_0)
FN:49,(anonymous_1)
FN:53,(anonymous_2)
FN:56,(anonymous_3)
FNF:4
FNH:0
FNDA:0,(anonymous_0)
FNDA:0,(anonymous_1)
FNDA:0,(anonymous_2)
FNDA:0,(anonymous_3)
DA:32,31
DA:41,31
DA:50,0
DA:51,0
DA:54,0
DA:57,0
DA:58,0
DA:62,0
DA:86,31
DA:87,31
LF:10
LH:4
BRDA:65,0,0,0
BRDA:65,0,1,0
BRDA:66,1,0,0
BRDA:66,1,1,0
BRDA:66,1,2,0
BRDA:81,2,0,0
BRDA:81,2,1,0
BRDA:81,2,2,0
BRF:8
BRH:0
end_of_record
TN:
SF:/Users/dsmith/dev/incubator-superset/superset/assets/src/CRUD/Fieldset.jsx
FN:39,(anonymous_0)
FN:43,(anonymous_1)
FN:49,(anonymous_2)
FN:51,(anonymous_3)
FNF:4
FNH:0
FNDA:0,(anonymous_0)
FNDA:0,(anonymous_1)
FNDA:0,(anonymous_2)
FNDA:0,(anonymous_3)
DA:26,31
DA:33,31
DA:40,0
DA:41,0
DA:44,0
DA:50,0
DA:51,0
DA:56,0
DA:64,31
DA:65,31
LF:10
LH:4
BRDA:58,0,0,0
BRDA:58,0,1,0
BRF:2
BRH:0
end_of_record
TN:
SF:/Users/dsmith/dev/incubator-superset/superset/assets/src/CRUD/utils.js
FN:21,recurseReactClone
FN:26,(anonymous_1)
FNF:2
FNH:0
FNDA:0,recurseReactClone
FNDA:0,(anonymous_1)
DA:26,0
DA:27,0
DA:28,0
DA:29,0
DA:31,0
DA:32,0
DA:40,0
LF:7
LH:0
BRDA:28,0,0,0
BRDA:28,0,1,0
BRDA:28,1,0,0
BRDA:28,1,1,0
BRDA:31,2,0,0
BRDA:31,2,1,0
BRDA:31,3,0,0
BRDA:31,3,1,0
BRF:8
BRH:0
end_of_record
TN:
SF:/Users/dsmith/dev/incubator-superset/superset/assets/src/SqlLab/App.jsx
FN:54,(anonymous_0)
FN:54,(anonymous_1)
FN:56,(anonymous_2)
FN:101,(anonymous_3)
FN:109,(anonymous_4)
FNF:5
FNH:0
FNDA:0,(anonymous_0)
FNDA:0,(anonymous_1)
FNDA:0,(anonymous_2)
FNDA:0,(anonymous_3)
FNDA:0,(anonymous_4)
DA:45,0
DA:47,0
DA:48,0
DA:49,0
DA:50,0
DA:51,0
DA:54,0
DA:55,0
DA:56,0
DA:61,0
DA:63,0
DA:64,0
DA:72,0
DA:75,0
DA:76,0
DA:77,0
DA:80,0
DA:85,0
DA:98,0
DA:99,0
DA:101,0
DA:102,0
DA:103,0
DA:104,0
DA:105,0
DA:109,0
DA:110,0
LF:27
LH:0
BRDA:63,0,0,0
BRDA:63,0,1,0
BRDA:76,1,0,0
BRDA:76,1,1,0
BRDA:102,2,0,0
BRDA:102,2,1,0
BRDA:104,3,0,0
BRDA:104,3,1,0
BRF:8
BRH:0
end_of_record
TN:
SF:/Users/dsmith/dev/incubator-superset/superset/assets/src/SqlLab/constants.js
FNF:0
FNH:0
DA:19,46
DA:29,46
DA:37,46
DA:48,46
DA:49,46
DA:50,46
DA:53,46
DA:54,46
DA:57,46
DA:58,46
DA:59,46
DA:60,46
DA:63,46
DA:64,46
DA:65,46
DA:66,46
LF:16
LH:16
BRF:0
BRH:0
end_of_record
TN:
SF:/Users/dsmith/dev/incubator-superset/superset/assets/src/SqlLab/index.jsx
FNF:0
FNH:0
DA:23,0
LF:1
LH:0
BRF:0
BRH:0
end_of_record
TN:
SF:/Users/dsmith/dev/incubator-superset/superset/assets/src/SqlLab/actions/sqlLab.js
FN:112,(anonymous_0)
FN:112,(anonymous_1)
FN:113,(anonymous_2)
FN:118,resetState
FN:122,startQueryValidation
FN:129,queryValidationReturned
FN:133,queryValidationFailed
FN:137,saveQuery
FN:138,(anonymous_8)
FN:144,(anonymous_9)
FN:152,(anonymous_10)
FN:157,updateQueryEditor
FN:161,updateSavedQuery
FN:162,(anonymous_13)
FN:168,(anonymous_14)
FN:169,(anonymous_15)
FN:172,(anonymous_16)
FN:175,scheduleQuery
FN:176,(anonymous_18)
FN:182,(anonymous_19)
FN:191,(anonymous_20)
FN:196,estimateQueryCost
FN:202,(anonymous_22)
FN:212,(anonymous_23)
FN:215,(anonymous_24)
FN:216,(anonymous_25)
FN:231,startQuery
FN:242,querySuccess
FN:243,(anonymous_28)
FN:254,(anonymous_29)
FN:255,(anonymous_30)
FN:268,queryFailed
FN:269,(anonymous_32)
FN:280,(anonymous_33)
FN:281,(anonymous_34)
FN:294,stopQuery
FN:298,clearQueryResults
FN:302,removeDataPreview
FN:306,requestQueryResults
FN:310,fetchQueryResults
FN:311,(anonymous_40)
FN:318,(anonymous_41)
FN:322,(anonymous_42)
FN:323,(anonymous_43)
FN:335,runQuery
FN:336,(anonymous_45)
FN:360,(anonymous_46)
FN:366,(anonymous_47)
FN:367,(anonymous_48)
FN:378,validateQuery
FN:379,(anonymous_50)
FN:398,(anonymous_51)
FN:399,(anonymous_52)
FN:400,(anonymous_53)
FN:411,postStopQuery
FN:412,(anonymous_55)
FN:418,(anonymous_56)
FN:419,(anonymous_57)
FN:420,(anonymous_58)
FN:428,setDatabases
FN:432,migrateTable
FN:437,(anonymous_61)
FN:445,(anonymous_62)
FN:457,migrateQuery
FN:462,(anonymous_64)
FN:463,(anonymous_65)
FN:475,migrateQueryEditorFromLocalStorage
FN:480,(anonymous_67)
FN:485,(anonymous_68)
FN:501,(anonymous_69)
FN:504,(anonymous_70)
FN:509,(anonymous_71)
FN:522,addQueryEditor
FN:523,(anonymous_73)
FN:532,(anonymous_74)
FN:542,(anonymous_75)
FN:554,cloneQueryToNewTab
FN:555,(anonymous_77)
FN:559,(anonymous_78)
FN:575,setActiveQueryEditor
FN:576,(anonymous_80)
FN:584,(anonymous_81)
FN:585,(anonymous_82)
FN:601,loadQueryEditor
FN:605,setTables
FN:607,(anonymous_85)
FN:608,(anonymous_86)
FN:637,switchQueryEditor
FN:638,(anonymous_88)
FN:646,(anonymous_89)
FN:672,(anonymous_90)
FN:686,setActiveSouthPaneTab
FN:690,removeQueryEditor
FN:691,(anonymous_93)
FN:699,(anonymous_94)
FN:700,(anonymous_95)
FN:712,removeQuery
FN:713,(anonymous_97)
FN:723,(anonymous_98)
FN:724,(anonymous_99)
FN:736,queryEditorSetDb
FN:737,(anonymous_101)
FN:746,(anonymous_102)
FN:747,(anonymous_103)
FN:759,queryEditorSetSchema
FN:760,(anonymous_105)
FN:769,(anonymous_106)
FN:772,(anonymous_107)
FN:784,queryEditorSetSchemaOptions
FN:788,queryEditorSetTableOptions
FN:792,queryEditorSetAutorun
FN:793,(anonymous_111)
FN:802,(anonymous_112)
FN:805,(anonymous_113)
FN:817,queryEditorSetTitle
FN:818,(anonymous_115)
FN:827,(anonymous_116)
FN:830,(anonymous_117)
FN:842,queryEditorSetSql
FN:843,(anonymous_119)
FN:852,(anonymous_120)
FN:853,(anonymous_121)
FN:867,queryEditorSetQueryLimit
FN:868,(anonymous_123)
FN:877,(anonymous_124)
FN:884,(anonymous_125)
FN:896,queryEditorSetTemplateParams
FN:897,(anonymous_127)
FN:906,(anonymous_128)
FN:913,(anonymous_129)
FN:926,queryEditorSetSelectedText
FN:930,mergeTable
FN:934,getTableMetadata
FN:943,(anonymous_133)
FN:968,(anonymous_134)
FN:983,getTableExtendedMetadata
FN:992,(anonymous_136)
FN:998,(anonymous_137)
FN:1008,addTable
FN:1009,(anonymous_139)
FN:1028,(anonymous_140)
FN:1037,(anonymous_141)
FN:1040,(anonymous_142)
FN:1054,changeDataPreviewId
FN:1058,reFetchQueryResults
FN:1059,(anonymous_145)
FN:1077,expandTable
FN:1078,(anonymous_147)
FN:1087,(anonymous_148)
FN:1088,(anonymous_149)
FN:1101,collapseTable
FN:1102,(anonymous_151)
FN:1111,(anonymous_152)
FN:1112,(anonymous_153)
FN:1125,removeTable
FN:1126,(anonymous_155)
FN:1134,(anonymous_156)
FN:1135,(anonymous_157)
FN:1148,refreshQueries
FN:1152,setUserOffline
FN:1156,persistEditorHeight
FN:1165,popStoredQuery
FN:1166,(anonymous_162)
FN:1168,(anonymous_163)
FN:1179,(anonymous_164)
FN:1182,popSavedQuery
FN:1183,(anonymous_166)
FN:1187,(anonymous_167)
FN:1194,(anonymous_168)
FN:1197,popDatasourceQuery
FN:1198,(anonymous_170)
FN:1202,(anonymous_171)
FN:1213,(anonymous_172)
FN:1218,createDatasourceStarted
FN:1221,createDatasourceSuccess
FN:1225,createDatasourceFailed
FN:1229,createDatasource
FN:1230,(anonymous_177)
FN:1236,(anonymous_178)
FN:1241,(anonymous_179)
FNF:180
FNH:103
FNDA:32,(anonymous_0)
FNDA:2,(anonymous_1)
FNDA:18,(anonymous_2)
FNDA:0,resetState
FNDA:0,startQueryValidation
FNDA:0,queryValidationReturned
FNDA:0,queryValidationFailed
FNDA:2,saveQuery
FNDA:2,(anonymous_8)
FNDA:0,(anonymous_9)
FNDA:2,(anonymous_10)
FNDA:0,updateQueryEditor
FNDA:0,updateSavedQuery
FNDA:0,(anonymous_13)
FNDA:0,(anonymous_14)
FNDA:0,(anonymous_15)
FNDA:0,(anonymous_16)
FNDA:0,scheduleQuery
FNDA:0,(anonymous_18)
FNDA:0,(anonymous_19)
FNDA:0,(anonymous_20)
FNDA:0,estimateQueryCost
FNDA:0,(anonymous_22)
FNDA:0,(anonymous_23)
FNDA:0,(anonymous_24)
FNDA:0,(anonymous_25)
FNDA:5,startQuery
FNDA:9,querySuccess
FNDA:5,(anonymous_28)
FNDA:5,(anonymous_29)
FNDA:0,(anonymous_30)
FNDA:2,queryFailed
FNDA:2,(anonymous_32)
FNDA:2,(anonymous_33)
FNDA:0,(anonymous_34)
FNDA:3,stopQuery
FNDA:0,clearQueryResults
FNDA:0,removeDataPreview
FNDA:5,requestQueryResults
FNDA:5,fetchQueryResults
FNDA:5,(anonymous_40)
FNDA:4,(anonymous_41)
FNDA:1,(anonymous_42)
FNDA:1,(anonymous_43)
FNDA:5,runQuery
FNDA:5,(anonymous_45)
FNDA:4,(anonymous_46)
FNDA:1,(anonymous_47)
FNDA:1,(anonymous_48)
FNDA:0,validateQuery
FNDA:0,(anonymous_50)
FNDA:0,(anonymous_51)
FNDA:0,(anonymous_52)
FNDA:0,(anonymous_53)
FNDA:3,postStopQuery
FNDA:3,(anonymous_55)
FNDA:3,(anonymous_56)
FNDA:3,(anonymous_57)
FNDA:0,(anonymous_58)
FNDA:0,setDatabases
FNDA:2,migrateTable
FNDA:2,(anonymous_61)
FNDA:0,(anonymous_62)
FNDA:2,migrateQuery
FNDA:2,(anonymous_64)
FNDA:0,(anonymous_65)
FNDA:1,migrateQueryEditorFromLocalStorage
FNDA:1,(anonymous_67)
FNDA:1,(anonymous_68)
FNDA:2,(anonymous_69)
FNDA:2,(anonymous_70)
FNDA:0,(anonymous_71)
FNDA:5,addQueryEditor
FNDA:5,(anonymous_73)
FNDA:5,(anonymous_74)
FNDA:0,(anonymous_75)
FNDA:1,cloneQueryToNewTab
FNDA:1,(anonymous_77)
FNDA:1,(anonymous_78)
FNDA:1,setActiveQueryEditor
FNDA:1,(anonymous_80)
FNDA:1,(anonymous_81)
FNDA:0,(anonymous_82)
FNDA:0,loadQueryEditor
FNDA:0,setTables
FNDA:0,(anonymous_85)
FNDA:0,(anonymous_86)
FNDA:0,switchQueryEditor
FNDA:0,(anonymous_88)
FNDA:0,(anonymous_89)
FNDA:0,(anonymous_90)
FNDA:0,setActiveSouthPaneTab
FNDA:1,removeQueryEditor
FNDA:1,(anonymous_93)
FNDA:1,(anonymous_94)
FNDA:0,(anonymous_95)
FNDA:0,removeQuery
FNDA:0,(anonymous_97)
FNDA:0,(anonymous_98)
FNDA:0,(anonymous_99)
FNDA:1,queryEditorSetDb
FNDA:1,(anonymous_101)
FNDA:1,(anonymous_102)
FNDA:0,(anonymous_103)
FNDA:1,queryEditorSetSchema
FNDA:1,(anonymous_105)
FNDA:1,(anonymous_106)
FNDA:0,(anonymous_107)
FNDA:0,queryEditorSetSchemaOptions
FNDA:0,queryEditorSetTableOptions
FNDA:1,queryEditorSetAutorun
FNDA:1,(anonymous_111)
FNDA:1,(anonymous_112)
FNDA:0,(anonymous_113)
FNDA:1,queryEditorSetTitle
FNDA:1,(anonymous_115)
FNDA:1,(anonymous_116)
FNDA:0,(anonymous_117)
FNDA:1,queryEditorSetSql
FNDA:1,(anonymous_119)
FNDA:1,(anonymous_120)
FNDA:0,(anonymous_121)
FNDA:1,queryEditorSetQueryLimit
FNDA:1,(anonymous_123)
FNDA:1,(anonymous_124)
FNDA:0,(anonymous_125)
FNDA:1,queryEditorSetTemplateParams
FNDA:1,(anonymous_127)
FNDA:1,(anonymous_128)
FNDA:0,(anonymous_129)
FNDA:3,queryEditorSetSelectedText
FNDA:4,mergeTable
FNDA:1,getTableMetadata
FNDA:1,(anonymous_133)
FNDA:0,(anonymous_134)
FNDA:1,getTableExtendedMetadata
FNDA:1,(anonymous_136)
FNDA:0,(anonymous_137)
FNDA:1,addTable
FNDA:1,(anonymous_139)
FNDA:1,(anonymous_140)
FNDA:1,(anonymous_141)
FNDA:0,(anonymous_142)
FNDA:0,changeDataPreviewId
FNDA:0,reFetchQueryResults
FNDA:0,(anonymous_145)
FNDA:1,expandTable
FNDA:1,(anonymous_147)
FNDA:1,(anonymous_148)
FNDA:0,(anonymous_149)
FNDA:1,collapseTable
FNDA:1,(anonymous_151)
FNDA:1,(anonymous_152)
FNDA:0,(anonymous_153)
FNDA:1,removeTable
FNDA:1,(anonymous_155)
FNDA:1,(anonymous_156)
FNDA:0,(anonymous_157)
FNDA:1,refreshQueries
FNDA:1,setUserOffline
FNDA:0,persistEditorHeight
FNDA:1,popStoredQuery
FNDA:1,(anonymous_162)
FNDA:0,(anonymous_163)
FNDA:1,(anonymous_164)
FNDA:1,popSavedQuery
FNDA:1,(anonymous_166)
FNDA:0,(anonymous_167)
FNDA:1,(anonymous_168)
FNDA:0,popDatasourceQuery
FNDA:0,(anonymous_170)
FNDA:0,(anonymous_171)
FNDA:0,(anonymous_172)
FNDA:1,createDatasourceStarted
FNDA:1,createDatasourceSuccess
FNDA:0,createDatasourceFailed
FNDA:1,createDatasource
FNDA:1,(anonymous_177)
FNDA:1,(anonymous_178)
FNDA:0,(anonymous_179)
DA:37,16
DA:38,16
DA:39,16
DA:40,16
DA:41,16
DA:42,16
DA:43,16
DA:44,16
DA:45,16
DA:46,16
DA:47,16
DA:48,16
DA:49,16
DA:50,16
DA:52,16
DA:53,16
DA:54,16
DA:55,16
DA:56,16
DA:57,16
DA:59,16
DA:60,16
DA:61,16
DA:62,16
DA:63,16
DA:64,16
DA:65,16
DA:67,16
DA:68,16
DA:69,16
DA:70,16
DA:71,16
DA:72,16
DA:73,16
DA:74,16
DA:75,16
DA:76,16
DA:77,16
DA:78,16
DA:79,16
DA:80,16
DA:81,16
DA:82,16
DA:84,16
DA:85,16
DA:86,16
DA:87,16
DA:88,16
DA:89,16
DA:91,16
DA:92,16
DA:93,16
DA:95,16
DA:96,16
DA:97,16
DA:98,16
DA:103,16
DA:109,16
DA:112,32
DA:113,18
DA:115,16
DA:116,16
DA:119,0
DA:123,0
DA:126,0
DA:130,0
DA:134,0
DA:138,2
DA:139,2
DA:145,0
DA:150,0
DA:153,2
DA:158,0
DA:162,0
DA:163,0
DA:168,0
DA:170,0
DA:172,0
DA:176,0
DA:177,0
DA:183,0
DA:192,0
DA:197,0
DA:199,0
DA:202,0
DA:203,0
DA:213,0
DA:216,0
DA:218,0
DA:221,0
DA:232,5
DA:239,5
DA:243,9
DA:245,5
DA:253,5
DA:254,5
DA:256,0
DA:269,2
DA:271,2
DA:279,2
DA:280,2
DA:282,0
DA:295,3
DA:299,0
DA:303,0
DA:307,5
DA:311,5
DA:312,5
DA:314,5
DA:319,4
DA:320,4
DA:323,1
DA:325,1
DA:329,1
DA:336,5
DA:337,5
DA:338,5
DA:354,5
DA:361,4
DA:362,4
DA:363,4
DA:367,1
DA:368,1
DA:369,1
DA:370,0
DA:372,1
DA:379,0
DA:380,0
DA:382,0
DA:393,0
DA:398,0
DA:400,0
DA:401,0
DA:402,0
DA:403,0
DA:405,0
DA:412,3
DA:413,3
DA:418,3
DA:419,3
DA:421,0
DA:429,0
DA:433,2
DA:438,2
DA:443,2
DA:446,0
DA:458,2
DA:462,2
DA:464,0
DA:480,1
DA:481,1
DA:486,1
DA:490,1
DA:495,1
DA:500,1
DA:502,2
DA:505,2
DA:510,0
DA:523,5
DA:524,5
DA:531,5
DA:533,5
DA:537,5
DA:543,0
DA:555,1
DA:556,1
DA:557,1
DA:558,1
DA:559,1
DA:561,1
DA:571,1
DA:576,1
DA:577,1
DA:583,1
DA:584,1
DA:586,0
DA:587,0
DA:596,0
DA:602,0
DA:606,0
DA:607,0
DA:616,0
DA:617,0
DA:634,0
DA:638,0
DA:639,0
DA:643,0
DA:647,0
DA:665,0
DA:666,0
DA:667,0
DA:668,0
DA:669,0
DA:673,0
DA:674,0
DA:678,0
DA:681,0
DA:687,0
DA:691,1
DA:692,1
DA:698,1
DA:699,1
DA:701,0
DA:713,0
DA:714,0
DA:722,0
DA:723,0
DA:725,0
DA:737,1
DA:738,1
DA:745,1
DA:746,1
DA:748,0
DA:760,1
DA:761,1
DA:768,1
DA:770,1
DA:773,0
DA:785,0
DA:789,0
DA:793,1
DA:794,1
DA:801,1
DA:803,1
DA:806,0
DA:818,1
DA:819,1
DA:826,1
DA:828,1
DA:831,0
DA:843,1
DA:844,1
DA:851,1
DA:852,1
DA:854,0
DA:868,1
DA:869,1
DA:876,1
DA:878,1
DA:885,0
DA:897,1
DA:898,1
DA:905,1
DA:907,1
DA:914,0
DA:927,3
DA:931,4
DA:935,1
DA:944,1
DA:955,1
DA:962,1
DA:966,1
DA:969,0
DA:984,1
DA:993,1
DA:996,1
DA:999,0
DA:1009,1
DA:1010,1
DA:1016,1
DA:1025,1
DA:1029,1
DA:1036,1
DA:1038,1
DA:1041,0
DA:1055,0
DA:1059,0
DA:1060,0
DA:1072,0
DA:1073,0
DA:1078,1
DA:1079,1
DA:1086,1
DA:1087,1
DA:1089,0
DA:1102,1
DA:1103,1
DA:1110,1
DA:1111,1
DA:1113,0
DA:1126,1
DA:1127,1
DA:1133,1
DA:1134,1
DA:1136,0
DA:1149,1
DA:1153,1
DA:1157,0
DA:1166,1
DA:1167,1
DA:1169,0
DA:1179,1
DA:1183,1
DA:1184,1
DA:1188,0
DA:1192,0
DA:1194,1
DA:1198,0
DA:1199,0
DA:1203,0
DA:1214,0
DA:1219,1
DA:1222,1
DA:1223,1
DA:1226,0
DA:1230,1
DA:1231,1
DA:1232,1
DA:1237,1
DA:1239,1
DA:1242,0
DA:1248,0
LF:312
LH:206
BRDA:113,0,0,4
BRDA:113,0,1,14
BRDA:124,1,0,0
BRDA:124,1,1,0
BRDA:199,2,0,0
BRDA:199,2,1,0
BRDA:209,3,0,0
BRDA:209,3,1,0
BRDA:218,4,0,0
BRDA:218,4,1,0
BRDA:218,4,2,0
BRDA:233,5,0,5
BRDA:233,5,1,0
BRDA:236,6,0,0
BRDA:236,6,1,5
BRDA:245,7,0,2
BRDA:245,7,1,3
BRDA:245,8,0,5
BRDA:245,8,1,4
BRDA:271,9,0,0
BRDA:271,9,1,2
BRDA:271,10,0,2
BRDA:271,10,1,2
BRDA:318,11,0,0
BRDA:325,12,0,1
BRDA:325,12,1,0
BRDA:325,12,2,0
BRDA:360,13,0,0
BRDA:361,14,0,4
BRDA:361,14,1,0
BRDA:368,15,0,1
BRDA:368,15,1,0
BRDA:368,15,2,0
BRDA:369,16,0,0
BRDA:369,16,1,1
BRDA:401,17,0,0
BRDA:401,17,1,0
BRDA:401,17,2,0
BRDA:402,18,0,0
BRDA:402,18,1,0
BRDA:524,19,0,1
BRDA:524,19,1,4
BRDA:563,20,0,1
BRDA:563,20,1,0
BRDA:564,21,0,0
BRDA:564,21,1,1
BRDA:577,22,0,1
BRDA:577,22,1,0
BRDA:586,23,0,0
BRDA:586,23,1,0
BRDA:639,24,0,0
BRDA:639,24,1,0
BRDA:640,25,0,0
BRDA:640,25,1,0
BRDA:653,26,0,0
BRDA:653,26,1,0
BRDA:666,27,0,0
BRDA:666,27,1,0
BRDA:668,28,0,0
BRDA:668,28,1,0
BRDA:668,29,0,0
BRDA:668,29,1,0
BRDA:673,30,0,0
BRDA:673,30,1,0
BRDA:692,31,0,1
BRDA:692,31,1,0
BRDA:714,32,0,0
BRDA:714,32,1,0
BRDA:738,33,0,1
BRDA:738,33,1,0
BRDA:761,34,0,1
BRDA:761,34,1,0
BRDA:794,35,0,1
BRDA:794,35,1,0
BRDA:819,36,0,1
BRDA:819,36,1,0
BRDA:844,37,0,1
BRDA:844,37,1,0
BRDA:869,38,0,1
BRDA:869,38,1,0
BRDA:898,39,0,1
BRDA:898,39,1,0
BRDA:1029,40,0,1
BRDA:1029,40,1,0
BRDA:1079,41,0,1
BRDA:1079,41,1,0
BRDA:1103,42,0,1
BRDA:1103,42,1,0
BRDA:1127,43,0,1
BRDA:1127,43,1,0
BRDA:1171,44,0,0
BRDA:1171,44,1,0
BRDA:1172,45,0,0
BRDA:1172,45,1,0
BRDA:1173,46,0,0
BRDA:1173,46,1,0
BRDA:1174,47,0,0
BRDA:1174,47,1,0
BRDA:1175,48,0,0
BRDA:1175,48,1,0
BRDA:1209,49,0,0
BRDA:1209,49,1,0
BRF:102
BRH:32
end_of_record
TN:
SF:/Users/dsmith/dev/incubator-superset/superset/assets/src/SqlLab/components/AceEditorWrapper.jsx
FN:56,(anonymous_0)
FN:57,(anonymous_1)
FN:64,(anonymous_2)
FN:72,(anonymous_3)
FN:77,(anonymous_4)
FN:92,(anonymous_5)
FN:95,(anonymous_6)
FN:98,(anonymous_7)
FN:102,(anonymous_8)
FN:106,(anonymous_9)
FN:114,(anonymous_10)
FN:129,(anonymous_11)
FN:133,(anonymous_12)
FN:135,(anonymous_13)
FN:146,(anonymous_14)
FN:149,(anonymous_15)
FN:152,(anonymous_16)
FN:161,(anonymous_17)
FN:163,(anonymous_18)
FN:165,(anonymous_19)
FN:176,(anonymous_20)
FN:188,(anonymous_21)
FN:197,(anonymous_22)
FN:201,(anonymous_23)
FN:211,(anonymous_24)
FNF:25
FNH:10
FNDA:0,(anonymous_0)
FNDA:0,(anonymous_1)
FNDA:3,(anonymous_2)
FNDA:3,(anonymous_3)
FNDA:3,(anonymous_4)
FNDA:0,(anonymous_5)
FNDA:0,(anonymous_6)
FNDA:3,(anonymous_7)
FNDA:0,(anonymous_8)
FNDA:12,(anonymous_9)
FNDA:0,(anonymous_10)
FNDA:0,(anonymous_11)
FNDA:0,(anonymous_12)
FNDA:0,(anonymous_13)
FNDA:0,(anonymous_14)
FNDA:3,(anonymous_15)
FNDA:3,(anonymous_16)
FNDA:0,(anonymous_17)
FNDA:0,(anonymous_18)
FNDA:0,(anonymous_19)
FNDA:0,(anonymous_20)
FNDA:3,(anonymous_21)
FNDA:6,(anonymous_22)
FNDA:0,(anonymous_23)
FNDA:6,(anonymous_24)
DA:34,3
DA:36,3
DA:55,3
DA:65,3
DA:66,3
DA:70,3
DA:74,3
DA:75,3
DA:78,3
DA:86,0
DA:88,3
DA:89,0
DA:93,0
DA:96,0
DA:99,3
DA:103,0
DA:106,3
DA:107,12
DA:113,3
DA:114,3
DA:115,0
DA:117,0
DA:121,0
DA:122,0
DA:130,0
DA:131,0
DA:134,0
DA:136,0
DA:137,0
DA:143,0
DA:146,0
DA:147,0
DA:151,3
DA:152,3
DA:158,3
DA:159,3
DA:160,3
DA:161,3
DA:162,0
DA:163,0
DA:164,0
DA:165,0
DA:166,0
DA:168,0
DA:176,3
DA:183,3
DA:188,3
DA:189,3
DA:192,3
DA:193,3
DA:198,6
DA:199,6
DA:200,6
DA:201,0
DA:207,0
DA:209,6
DA:212,6
DA:229,3
DA:230,3
LF:59
LH:34
BRDA:78,0,0,0
BRDA:78,0,1,3
BRDA:79,1,0,3
BRDA:79,1,1,3
BRDA:79,1,2,3
BRDA:88,2,0,0
BRDA:88,2,1,3
BRDA:117,3,0,0
BRDA:117,3,1,0
BRDA:118,4,0,0
BRDA:118,4,1,0
BRDA:136,5,0,0
BRDA:136,5,1,0
BRDA:151,6,0,3
BRDA:151,6,1,0
BRDA:159,7,0,3
BRDA:159,7,1,0
BRDA:160,8,0,3
BRDA:160,8,1,0
BRDA:164,9,0,0
BRDA:164,9,1,0
BRDA:164,9,2,0
BRDA:192,10,0,3
BRDA:192,10,1,0
BRDA:199,11,0,6
BRDA:199,11,1,0
BRDA:200,12,0,0
BRDA:200,12,1,6
BRDA:200,13,0,6
BRDA:200,13,1,0
BRF:30
BRH:12
end_of_record
TN:
SF:/Users/dsmith/dev/incubator-superset/superset/assets/src/SqlLab/components/App.jsx
FN:39,(anonymous_0)
FN:52,(anonymous_1)
FN:58,(anonymous_2)
FN:68,(anonymous_3)
FN:72,(anonymous_4)
FN:75,(anonymous_5)
FN:98,(anonymous_6)
FN:111,(anonymous_7)
FN:114,(anonymous_8)
FN:147,mapStateToProps
FN:155,mapDispatchToProps
FNF:11
FNH:8
FNDA:2,(anonymous_0)
FNDA:2,(anonymous_1)
FNDA:2,(anonymous_2)
FNDA:0,(anonymous_3)
FNDA:0,(anonymous_4)
FNDA:3,(anonymous_5)
FNDA:0,(anonymous_6)
FNDA:1,(anonymous_7)
FNDA:4,(anonymous_8)
FNDA:3,mapStateToProps
FNDA:3,mapDispatchToProps
DA:40,2
DA:41,2
DA:46,2
DA:54,2
DA:55,2
DA:56,2
DA:59,2
DA:63,0
DA:69,0
DA:70,0
DA:73,0
DA:76,3
DA:77,3
DA:78,3
DA:79,3
DA:80,3
DA:82,3
DA:84,3
DA:89,3
DA:90,3
DA:91,3
DA:92,3
DA:99,0
DA:112,1
DA:116,4
DA:117,0
DA:125,4
DA:132,4
DA:141,1
DA:148,3
DA:149,3
DA:156,3
LF:32
LH:26
BRDA:59,0,0,0
BRDA:59,0,1,2
BRDA:84,1,0,0
BRDA:84,1,1,3
BRDA:89,2,0,0
BRDA:89,2,1,3
BRDA:90,3,0,0
BRDA:90,3,1,3
BRDA:91,4,0,0
BRDA:91,4,1,3
BRDA:116,5,0,0
BRDA:116,5,1,4
BRF:12
BRH:6
end_of_record
TN:
SF:/Users/dsmith/dev/incubator-superset/superset/assets/src/SqlLab/components/ColumnElement.jsx
FN:39,ColumnElement
FN:45,(anonymous_1)
FNF:2
FNH:2
FNDA:31,ColumnElement
FNDA:9,(anonymous_1)
DA:24,6
DA:28,6
DA:33,6
DA:40,31
DA:41,31
DA:43,31
DA:44,6
DA:45,6
DA:46,9
DA:64,31
DA:76,6
LF:11
LH:11
BRDA:43,0,0,6
BRDA:43,0,1,25
BRDA:43,1,0,31
BRDA:43,1,1,6
BRF:4
BRH:4
end_of_record
TN:
SF:/Users/dsmith/dev/incubator-superset/superset/assets/src/SqlLab/components/EstimateQueryCostButton.jsx
FN:46,(anonymous_0)
FN:53,(anonymous_1)
FN:57,(anonymous_2)
FN:75,(anonymous_3)
FNF:4
FNH:0
FNDA:0,(anonymous_0)
FNDA:0,(anonymous_1)
FNDA:0,(anonymous_2)
FNDA:0,(anonymous_3)
DA:29,3
DA:39,3
DA:47,0
DA:48,0
DA:49,0
DA:50,0
DA:54,0
DA:58,0
DA:59,0
DA:64,0
DA:65,0
DA:72,0
DA:76,0
DA:77,0
DA:80,0
DA:105,3
DA:106,3
LF:17
LH:4
BRDA:58,0,0,0
BRDA:58,0,1,0
BRDA:64,1,0,0
BRDA:64,1,1,0
BRDA:77,2,0,0
BRDA:77,2,1,0
BRF:6
BRH:0
end_of_record
TN:
SF:/Users/dsmith/dev/incubator-superset/superset/assets/src/SqlLab/components/ExploreResultsButton.jsx
FN:46,(anonymous_0)
FN:55,(anonymous_1)
FN:64,(anonymous_2)
FN:69,(anonymous_3)
FN:77,(anonymous_4)
FN:80,(anonymous_5)
FN:88,(anonymous_6)
FN:99,(anonymous_7)
FN:104,(anonymous_8)
FN:109,(anonymous_9)
FN:110,(anonymous_10)
FN:112,(anonymous_11)
FN:122,(anonymous_12)
FN:133,(anonymous_13)
FN:136,(anonymous_14)
FN:144,(anonymous_15)
FN:155,(anonymous_16)
FN:161,(anonymous_17)
FN:184,(anonymous_18)
FN:208,(anonymous_19)
FN:227,(anonymous_20)
FN:238,mapStateToProps
FN:245,mapDispatchToProps
FNF:23
FNH:16
FNDA:7,(anonymous_0)
FNDA:0,(anonymous_1)
FNDA:0,(anonymous_2)
FNDA:0,(anonymous_3)
FNDA:0,(anonymous_4)
FNDA:0,(anonymous_5)
FNDA:3,(anonymous_6)
FNDA:1,(anonymous_7)
FNDA:2,(anonymous_8)
FNDA:12,(anonymous_9)
FNDA:12,(anonymous_10)
FNDA:3,(anonymous_11)
FNDA:1,(anonymous_12)
FNDA:3,(anonymous_13)
FNDA:2,(anonymous_14)
FNDA:4,(anonymous_15)
FNDA:1,(anonymous_16)
FNDA:0,(anonymous_17)
FNDA:1,(anonymous_18)
FNDA:12,(anonymous_19)
FNDA:0,(anonymous_20)
FNDA:7,mapStateToProps
FNDA:7,mapDispatchToProps
DA:34,8
DA:41,8
DA:47,7
DA:48,7
DA:49,7
DA:50,7
DA:51,7
DA:56,0
DA:57,0
DA:58,0
DA:59,0
DA:65,0
DA:70,0
DA:73,0
DA:74,0
DA:81,0
DA:85,0
DA:89,3
DA:90,3
DA:95,3
DA:97,0
DA:100,1
DA:105,2
DA:106,2
DA:108,2
DA:109,12
DA:110,12
DA:113,3
DA:114,3
DA:115,3
DA:116,3
DA:117,3
DA:118,3
DA:120,3
DA:123,1
DA:124,1
DA:134,3
DA:137,2
DA:138,2
DA:144,4
DA:148,2
DA:153,2
DA:156,1
DA:162,0
DA:185,1
DA:186,1
DA:187,0
DA:189,1
DA:210,12
DA:211,12
DA:228,0
DA:235,8
DA:236,8
DA:239,7
DA:246,7
LF:55
LH:41
BRDA:58,0,0,0
BRDA:58,0,1,0
BRDA:73,1,0,0
BRDA:73,1,1,0
BRDA:90,2,0,3
BRDA:90,2,1,0
BRDA:91,3,0,3
BRDA:91,3,1,3
BRDA:91,3,2,3
BRDA:110,4,0,12
BRDA:110,4,1,4
BRDA:116,5,0,3
BRDA:116,5,1,0
BRDA:117,6,0,2
BRDA:117,6,1,1
BRDA:157,7,0,1
BRDA:157,7,1,1
BRDA:186,8,0,0
BRDA:186,8,1,1
BRDA:210,9,0,12
BRDA:210,9,1,12
BRDA:241,10,0,7
BRDA:241,10,1,0
BRF:23
BRH:15
end_of_record
TN:
SF:/Users/dsmith/dev/incubator-superset/superset/assets/src/SqlLab/components/HighlightedSql.jsx
FN:47,(anonymous_0)
FN:53,(anonymous_1)
FN:61,(anonymous_2)
FN:69,(anonymous_3)
FN:79,(anonymous_4)
FN:103,(anonymous_5)
FNF:6
FNH:6
FNDA:3,(anonymous_0)
FNDA:3,(anonymous_1)
FNDA:3,(anonymous_2)
FNDA:4,(anonymous_3)
FNDA:1,(anonymous_4)
FNDA:4,(anonymous_5)
DA:30,8
DA:32,8
DA:38,8
DA:48,3
DA:49,3
DA:54,3
DA:55,3
DA:56,3
DA:57,0
DA:58,0
DA:60,3
DA:62,3
DA:63,3
DA:65,0
DA:70,4
DA:73,4
DA:81,1
DA:82,1
DA:91,1
DA:104,4
DA:114,8
DA:115,8
LF:22
LH:19
BRDA:54,0,0,3
BRDA:54,0,1,0
BRDA:56,1,0,0
BRDA:56,1,1,3
BRDA:62,2,0,3
BRDA:62,2,1,0
BRDA:70,3,0,3
BRDA:70,3,1,1
BRDA:81,4,0,1
BRDA:81,4,1,0
BRDA:81,5,0,1
BRDA:81,5,1,1
BRF:12
BRH:8
end_of_record
TN:
SF:/Users/dsmith/dev/incubator-superset/superset/assets/src/SqlLab/components/LimitControl.jsx
FN:41,(anonymous_0)
FN:53,(anonymous_1)
FN:57,(anonymous_2)
FN:64,(anonymous_3)
FN:73,(anonymous_4)
FN:77,(anonymous_5)
FN:81,(anonymous_6)
FN:102,(anonymous_7)
FN:131,(anonymous_8)
FNF:9
FNH:7
FNDA:13,(anonymous_0)
FNDA:1,(anonymous_1)
FNDA:2,(anonymous_2)
FNDA:28,(anonymous_3)
FNDA:6,(anonymous_4)
FNDA:0,(anonymous_5)
FNDA:28,(anonymous_6)
FNDA:0,(anonymous_7)
FNDA:28,(anonymous_8)
DA:33,4
DA:42,13
DA:43,13
DA:44,13
DA:48,13
DA:49,13
DA:50,13
DA:54,1
DA:59,2
DA:60,2
DA:61,2
DA:65,28
DA:66,28
DA:74,6
DA:78,0
DA:82,28
DA:83,28
DA:85,28
DA:89,28
DA:102,0
DA:132,28
DA:152,4
LF:22
LH:20
BRDA:45,0,0,13
BRDA:45,0,1,8
BRDA:59,1,0,2
BRDA:59,1,1,0
BRDA:67,2,0,28
BRDA:67,2,1,27
BRDA:67,2,2,26
BRDA:67,2,3,26
BRDA:86,3,0,28
BRDA:86,3,1,0
BRDA:94,4,0,3
BRDA:94,4,1,25
BRDA:135,5,0,28
BRDA:135,5,1,16
BRF:14
BRH:12
end_of_record
TN:
SF:/Users/dsmith/dev/incubator-superset/superset/assets/src/SqlLab/components/Link.jsx
FN:35,(anonymous_0)
FN:42,(anonymous_1)
FNF:2
FNH:1
FNDA:0,(anonymous_0)
FNDA:7,(anonymous_1)
DA:23,9
DA:32,9
DA:43,7
DA:45,7
DA:54,7
DA:55,7
DA:66,0
DA:69,9
DA:70,9
LF:9
LH:8
BRDA:54,0,0,7
BRDA:54,0,1,0
BRF:2
BRH:1
end_of_record
TN:
SF:/Users/dsmith/dev/incubator-superset/superset/assets/src/SqlLab/components/QueryAutoRefresh.jsx
FN:33,(anonymous_0)
FN:39,(anonymous_1)
FN:42,(anonymous_2)
FN:47,(anonymous_3)
FN:50,(anonymous_4)
FN:54,(anonymous_5)
FN:58,(anonymous_6)
FN:61,(anonymous_7)
FN:66,(anonymous_8)
FN:70,(anonymous_9)
FN:78,(anonymous_10)
FN:84,(anonymous_11)
FN:91,(anonymous_12)
FN:102,mapStateToProps
FN:110,mapDispatchToProps
FNF:15
FNH:10
FNDA:2,(anonymous_0)
FNDA:2,(anonymous_1)
FNDA:1,(anonymous_2)
FNDA:0,(anonymous_3)
FNDA:1,(anonymous_4)
FNDA:1,(anonymous_5)
FNDA:1,(anonymous_6)
FNDA:2,(anonymous_7)
FNDA:0,(anonymous_8)
FNDA:0,(anonymous_9)
FNDA:0,(anonymous_10)
FNDA:0,(anonymous_11)
FNDA:3,(anonymous_12)
FNDA:2,mapStateToProps
FNDA:2,mapDispatchToProps
DA:27,2
DA:28,2
DA:29,2
DA:30,2
DA:34,2
DA:35,2
DA:40,2
DA:43,1
DA:44,1
DA:48,0
DA:52,1
DA:53,1
DA:54,1
DA:55,1
DA:57,1
DA:58,1
DA:62,2
DA:63,2
DA:67,0
DA:68,0
DA:72,0
DA:73,0
DA:79,0
DA:80,0
DA:82,0
DA:85,0
DA:88,0
DA:92,3
DA:95,2
DA:103,2
DA:111,2
LF:31
LH:21
BRDA:43,0,0,1
BRDA:43,0,1,0
BRDA:58,1,0,1
BRDA:58,1,1,1
BRDA:62,2,0,2
BRDA:62,2,1,0
BRDA:72,3,0,0
BRDA:72,3,1,0
BRDA:79,4,0,0
BRDA:79,4,1,0
BRF:10
BRH:4
end_of_record
TN:
SF:/Users/dsmith/dev/incubator-superset/superset/assets/src/SqlLab/components/QueryHistory.jsx
FN:32,(anonymous_0)
FNF:1
FNH:1
FNDA:6,(anonymous_0)
DA:26,4
DA:32,4
DA:33,6
DA:34,0
DA:52,6
DA:54,4
LF:6
LH:5
BRDA:33,0,0,0
BRDA:33,0,1,6
BRF:2
BRH:1
end_of_record
TN:
SF:/Users/dsmith/dev/incubator-superset/superset/assets/src/SqlLab/components/QuerySearch.jsx
FN:44,(anonymous_0)
FN:72,(anonymous_1)
FN:76,(anonymous_2)
FN:77,(anonymous_3)
FN:82,(anonymous_4)
FN:83,(anonymous_5)
FN:88,(anonymous_6)
FN:93,(anonymous_7)
FN:99,(anonymous_8)
FN:120,(anonymous_9)
FN:125,(anonymous_10)
FN:130,(anonymous_11)
FN:135,(anonymous_12)
FN:136,(anonymous_13)
FN:142,(anonymous_14)
FN:147,(anonymous_15)
FN:151,(anonymous_16)
FN:158,(anonymous_17)
FN:169,(anonymous_18)
FN:170,(anonymous_19)
FN:183,(anonymous_20)
FN:199,(anonymous_21)
FN:202,(anonymous_22)
FN:209,(anonymous_23)
FN:244,(anonymous_24)
FN:256,(anonymous_25)
FN:265,(anonymous_26)
FNF:27
FNH:16
FNDA:10,(anonymous_0)
FNDA:10,(anonymous_1)
FNDA:0,(anonymous_2)
FNDA:0,(anonymous_3)
FNDA:0,(anonymous_4)
FNDA:0,(anonymous_5)
FNDA:0,(anonymous_6)
FNDA:2,(anonymous_7)
FNDA:24,(anonymous_8)
FNDA:1,(anonymous_9)
FNDA:1,(anonymous_10)
FNDA:0,(anonymous_11)
FNDA:12,(anonymous_12)
FNDA:72,(anonymous_13)
FNDA:1,(anonymous_14)
FNDA:1,(anonymous_15)
FNDA:0,(anonymous_16)
FNDA:0,(anonymous_17)
FNDA:0,(anonymous_18)
FNDA:0,(anonymous_19)
FNDA:12,(anonymous_20)
FNDA:0,(anonymous_21)
FNDA:12,(anonymous_22)
FNDA:13,(anonymous_23)
FNDA:78,(anonymous_24)
FNDA:91,(anonymous_25)
FNDA:65,(anonymous_26)
DA:37,2
DA:45,10
DA:46,10
DA:58,10
DA:59,10
DA:60,10
DA:61,10
DA:62,10
DA:63,10
DA:64,10
DA:65,10
DA:66,10
DA:67,10
DA:68,10
DA:69,10
DA:73,10
DA:77,0
DA:78,0
DA:83,0
DA:84,0
DA:89,0
DA:90,0
DA:94,2
DA:95,1
DA:100,24
DA:102,12
DA:104,0
DA:106,0
DA:108,0
DA:110,12
DA:112,0
DA:114,0
DA:116,0
DA:121,1
DA:122,1
DA:126,1
DA:127,1
DA:131,0
DA:132,0
DA:136,12
DA:137,72
DA:139,12
DA:143,1
DA:144,1
DA:148,1
DA:152,0
DA:153,0
DA:155,0
DA:159,0
DA:160,0
DA:161,0
DA:166,0
DA:170,0
DA:174,0
DA:175,0
DA:176,0
DA:180,0
DA:184,12
DA:185,12
DA:196,12
DA:200,0
DA:203,12
DA:210,13
DA:244,78
DA:256,91
DA:265,65
DA:316,2
LF:67
LH:40
BRDA:89,0,0,0
BRDA:89,0,1,0
BRDA:94,1,0,1
BRDA:94,1,1,1
BRDA:100,2,0,12
BRDA:100,2,1,0
BRDA:100,2,2,0
BRDA:100,2,3,0
BRDA:100,2,4,12
BRDA:100,2,5,0
BRDA:100,2,6,0
BRDA:100,2,7,0
BRDA:121,3,0,1
BRDA:121,3,1,0
BRDA:126,4,0,1
BRDA:126,4,1,0
BRDA:131,5,0,0
BRDA:131,5,1,0
BRDA:143,6,0,1
BRDA:143,6,1,0
BRDA:152,7,0,0
BRDA:152,7,1,0
BRDA:152,8,0,0
BRDA:152,8,1,0
BRDA:175,9,0,0
BRDA:175,9,1,0
BRDA:186,10,0,0
BRDA:186,10,1,12
BRDA:187,11,0,0
BRDA:187,11,1,12
BRDA:188,12,0,0
BRDA:188,12,1,12
BRDA:189,13,0,12
BRDA:189,13,1,0
BRDA:190,14,0,12
BRDA:190,14,1,0
BRDA:193,15,0,12
BRDA:193,15,1,0
BRDA:285,16,0,13
BRDA:285,16,1,0
BRF:40
BRH:14
end_of_record
TN:
SF:/Users/dsmith/dev/incubator-superset/superset/assets/src/SqlLab/components/QueryStateLabel.jsx
FN:29,QueryStateLabel
FNF:1
FNH:1
FNDA:1,QueryStateLabel
DA:25,8
DA:30,1
DA:31,1
DA:37,8
LF:4
LH:4
BRF:0
BRH:0
end_of_record
TN:
SF:/Users/dsmith/dev/incubator-superset/superset/assets/src/SqlLab/components/QueryTable.jsx
FN:45,(anonymous_0)
FN:46,(anonymous_1)
FN:50,(anonymous_2)
FN:60,(anonymous_3)
FN:63,(anonymous_4)
FN:70,(anonymous_5)
FN:72,(anonymous_6)
FN:75,(anonymous_7)
FN:78,(anonymous_8)
FN:82,(anonymous_9)
FN:85,(anonymous_10)
FN:88,(anonymous_11)
FN:91,(anonymous_12)
FN:94,(anonymous_13)
FN:96,(anonymous_14)
FN:182,(anonymous_15)
FNF:16
FNH:4
FNDA:0,(anonymous_0)
FNDA:0,(anonymous_1)
FNDA:1,(anonymous_2)
FNDA:0,(anonymous_3)
FNDA:0,(anonymous_4)
FNDA:0,(anonymous_5)
FNDA:0,(anonymous_6)
FNDA:0,(anonymous_7)
FNDA:0,(anonymous_8)
FNDA:0,(anonymous_9)
FNDA:0,(anonymous_10)
FNDA:0,(anonymous_11)
FNDA:0,(anonymous_12)
FNDA:1,(anonymous_13)
FNDA:2,(anonymous_14)
FNDA:2,(anonymous_15)
DA:34,6
DA:42,6
DA:51,1
DA:52,1
DA:53,1
DA:54,1
DA:61,0
DA:64,0
DA:70,0
DA:73,0
DA:76,0
DA:79,0
DA:83,0
DA:86,0
DA:89,0
DA:92,0
DA:95,1
DA:97,2
DA:98,2
DA:99,2
DA:101,2
DA:104,2
DA:111,2
DA:119,2
DA:127,2
DA:128,2
DA:139,2
DA:149,2
DA:150,1
DA:181,1
DA:182,2
DA:184,2
DA:193,2
DA:194,0
DA:200,2
DA:206,2
DA:229,2
DA:232,1
DA:244,6
DA:245,6
LF:40
LH:29
BRDA:98,0,0,2
BRDA:98,0,1,0
BRDA:149,1,0,1
BRDA:149,1,1,1
BRDA:181,2,0,0
BRDA:181,2,1,1
BRDA:181,3,0,1
BRDA:181,3,1,0
BRDA:181,3,2,0
BRDA:193,4,0,0
BRDA:193,4,1,2
BRF:11
BRH:6
end_of_record
TN:
SF:/Users/dsmith/dev/incubator-superset/superset/assets/src/SqlLab/components/ResultSet.jsx
FN:60,(anonymous_0)
FN:71,(anonymous_1)
FN:75,(anonymous_2)
FN:96,(anonymous_3)
FN:99,(anonymous_4)
FN:109,(anonymous_5)
FN:114,(anonymous_6)
FN:117,(anonymous_7)
FN:120,(anonymous_8)
FN:123,(anonymous_9)
FN:132,(anonymous_10)
FN:187,(anonymous_11)
FN:234,(anonymous_12)
FN:242,(anonymous_13)
FN:285,(anonymous_14)
FNF:15
FNH:9
FNDA:7,(anonymous_0)
FNDA:7,(anonymous_1)
FNDA:2,(anonymous_2)
FNDA:1,(anonymous_3)
FNDA:0,(anonymous_4)
FNDA:0,(anonymous_5)
FNDA:0,(anonymous_6)
FNDA:1,(anonymous_7)
FNDA:0,(anonymous_8)
FNDA:7,(anonymous_9)
FNDA:5,(anonymous_10)
FNDA:10,(anonymous_11)
FNDA:0,(anonymous_12)
FNDA:10,(anonymous_13)
FNDA:0,(anonymous_14)
DA:33,7
DA:45,7
DA:55,7
DA:57,7
DA:61,7
DA:62,7
DA:67,7
DA:73,7
DA:77,2
DA:84,1
DA:89,2
DA:93,1
DA:97,1
DA:100,0
DA:107,0
DA:110,0
DA:115,0
DA:118,1
DA:121,0
DA:124,7
DA:125,7
DA:129,0
DA:133,5
DA:134,5
DA:135,5
DA:136,1
DA:138,5
DA:185,0
DA:188,10
DA:189,10
DA:195,10
DA:196,0
DA:199,10
DA:200,1
DA:201,9
DA:202,0
DA:208,9
DA:209,0
DA:224,9
DA:225,7
DA:227,7
DA:228,2
DA:229,5
DA:230,5
DA:232,7
DA:233,5
DA:234,0
DA:236,5
DA:242,10
DA:249,2
DA:250,1
DA:255,3
DA:256,1
DA:272,2
DA:273,1
DA:281,2
DA:282,0
DA:286,0
DA:294,2
DA:297,2
DA:310,7
DA:311,7
LF:62
LH:49
BRDA:77,0,0,1
BRDA:77,0,1,1
BRDA:78,1,0,2
BRDA:78,1,1,2
BRDA:78,1,2,2
BRDA:78,1,3,2
BRDA:78,1,4,2
BRDA:89,2,0,1
BRDA:89,2,1,1
BRDA:90,3,0,2
BRDA:90,3,1,1
BRDA:125,4,0,0
BRDA:125,4,1,7
BRDA:126,5,0,7
BRDA:126,5,1,0
BRDA:133,6,0,5
BRDA:133,6,1,0
BRDA:133,7,0,5
BRDA:133,7,1,0
BRDA:133,7,2,0
BRDA:135,8,0,1
BRDA:135,8,1,4
BRDA:135,9,0,5
BRDA:135,9,1,5
BRDA:143,10,0,5
BRDA:143,10,1,5
BRDA:150,11,0,5
BRDA:150,11,1,5
BRDA:171,12,0,5
BRDA:171,12,1,5
BRDA:191,13,0,10
BRDA:191,13,1,0
BRDA:195,14,0,0
BRDA:195,14,1,10
BRDA:199,15,0,1
BRDA:199,15,1,9
BRDA:201,16,0,0
BRDA:201,16,1,9
BRDA:205,17,0,0
BRDA:205,17,1,0
BRDA:208,18,0,0
BRDA:208,18,1,9
BRDA:208,19,0,9
BRDA:208,19,1,7
BRDA:224,20,0,7
BRDA:224,20,1,2
BRDA:224,21,0,9
BRDA:224,21,1,7
BRDA:227,22,0,2
BRDA:227,22,1,5
BRDA:227,23,0,7
BRDA:227,23,1,7
BRDA:229,24,0,5
BRDA:229,24,1,0
BRDA:229,25,0,5
BRDA:229,25,1,5
BRDA:232,26,0,5
BRDA:232,26,1,2
BRDA:232,27,0,7
BRDA:232,27,1,6
BRDA:233,28,0,0
BRDA:233,28,1,5
BRDA:249,29,0,1
BRDA:249,29,1,1
BRDA:249,30,0,2
BRDA:249,30,1,1
BRDA:255,31,0,1
BRDA:255,31,1,2
BRDA:255,32,0,3
BRDA:255,32,1,2
BRDA:255,32,2,0
BRDA:272,33,0,1
BRDA:272,33,1,1
BRDA:281,34,0,0
BRDA:281,34,1,2
BRDA:294,35,0,0
BRDA:294,35,1,2
BRDA:294,36,0,2
BRDA:294,36,1,2
BRDA:294,36,2,0
BRDA:299,37,0,2
BRDA:299,37,1,1
BRDA:302,38,0,2
BRDA:302,38,1,0
BRF:84
BRH:66
end_of_record
TN:
SF:/Users/dsmith/dev/incubator-superset/superset/assets/src/SqlLab/components/RunQueryActionButton.jsx
FN:39,RunQueryActionButton
FN:63,(anonymous_1)
FN:75,(anonymous_2)
FNF:3
FNH:1
FNDA:8,RunQueryActionButton
FNDA:0,(anonymous_1)
FNDA:0,(anonymous_2)
DA:25,4
DA:34,4
DA:40,8
DA:43,8
DA:45,8
DA:47,8
DA:53,8
DA:54,2
DA:59,6
DA:60,0
DA:63,0
DA:72,6
DA:75,0
DA:85,4
DA:86,4
LF:15
LH:12
BRDA:40,0,0,0
BRDA:40,0,1,8
BRDA:43,1,0,0
BRDA:43,1,1,8
BRDA:53,2,0,2
BRDA:53,2,1,6
BRDA:59,3,0,0
BRDA:59,3,1,6
BRF:8
BRH:5
end_of_record
TN:
SF:/Users/dsmith/dev/incubator-superset/superset/assets/src/SqlLab/components/SaveQuery.jsx
FN:38,(anonymous_0)
FN:43,(anonymous_1)
FN:57,(anonymous_2)
FN:61,(anonymous_3)
FN:65,(anonymous_4)
FN:68,(anonymous_5)
FN:71,(anonymous_6)
FN:74,(anonymous_7)
FN:81,(anonymous_8)
FN:84,(anonymous_9)
FN:87,(anonymous_10)
FN:159,(anonymous_11)
FN:163,(anonymous_12)
FNF:13
FNH:8
FNDA:0,(anonymous_0)
FNDA:8,(anonymous_1)
FNDA:1,(anonymous_2)
FNDA:1,(anonymous_3)
FNDA:0,(anonymous_4)
FNDA:0,(anonymous_5)
FNDA:0,(anonymous_6)
FNDA:2,(anonymous_7)
FNDA:2,(anonymous_8)
FNDA:0,(anonymous_9)
FNDA:12,(anonymous_10)
FNDA:8,(anonymous_11)
FNDA:3,(anonymous_12)
DA:27,4
DA:35,4
DA:44,8
DA:45,8
DA:50,8
DA:51,8
DA:52,8
DA:53,8
DA:54,8
DA:55,8
DA:58,1
DA:59,1
DA:62,1
DA:63,1
DA:66,0
DA:69,0
DA:72,0
DA:75,2
DA:82,2
DA:85,0
DA:88,12
DA:89,12
DA:160,8
DA:164,3
DA:184,4
DA:185,4
LF:26
LH:22
BRDA:82,0,0,0
BRDA:82,0,1,2
BRDA:123,1,0,12
BRDA:123,1,1,0
BRDA:135,2,0,12
BRDA:135,2,1,2
BRDA:145,3,0,2
BRDA:145,3,1,10
BRDA:149,4,0,2
BRDA:149,4,1,10
BRF:10
BRH:8
end_of_record
TN:
SF:/Users/dsmith/dev/incubator-superset/superset/assets/src/SqlLab/components/ScheduleQueryButton.jsx
FN:30,(anonymous_0)
FN:31,(anonymous_1)
FN:32,(anonymous_2)
FN:33,(anonymous_3)
FN:36,getJSONSchema
FN:39,(anonymous_5)
FN:50,getUISchema
FN:54,getValidationRules
FN:58,getValidator
FN:60,(anonymous_9)
FN:61,(anonymous_10)
FN:63,(anonymous_11)
FN:87,(anonymous_12)
FN:94,(anonymous_13)
FN:107,(anonymous_14)
FN:119,(anonymous_15)
FN:122,(anonymous_16)
FN:125,(anonymous_17)
FN:128,(anonymous_18)
FN:131,(anonymous_19)
FN:180,(anonymous_20)
FN:184,(anonymous_21)
FNF:22
FNH:0
FNDA:0,(anonymous_0)
FNDA:0,(anonymous_1)
FNDA:0,(anonymous_2)
FNDA:0,(anonymous_3)
FNDA:0,getJSONSchema
FNDA:0,(anonymous_5)
FNDA:0,getUISchema
FNDA:0,getValidationRules
FNDA:0,getValidator
FNDA:0,(anonymous_9)
FNDA:0,(anonymous_10)
FNDA:0,(anonymous_11)
FNDA:0,(anonymous_12)
FNDA:0,(anonymous_13)
FNDA:0,(anonymous_14)
FNDA:0,(anonymous_15)
FNDA:0,(anonymous_16)
FNDA:0,(anonymous_17)
FNDA:0,(anonymous_18)
FNDA:0,(anonymous_19)
FNDA:0,(anonymous_20)
FNDA:0,(anonymous_21)
DA:29,3
DA:30,0
DA:31,0
DA:32,0
DA:33,0
DA:37,0
DA:39,0
DA:40,0
DA:41,0
DA:47,0
DA:51,0
DA:55,0
DA:59,0
DA:60,0
DA:61,0
DA:62,0
DA:63,0
DA:64,0
DA:65,0
DA:66,0
DA:69,0
DA:73,3
DA:84,3
DA:95,0
DA:96,0
DA:101,0
DA:102,0
DA:103,0
DA:104,0
DA:105,0
DA:108,0
DA:116,0
DA:117,0
DA:120,0
DA:123,0
DA:126,0
DA:129,0
DA:132,0
DA:181,0
DA:185,0
DA:206,3
DA:207,3
LF:42
LH:5
BRDA:40,0,0,0
BRDA:40,0,1,0
BRDA:40,1,0,0
BRDA:40,1,1,0
BRDA:55,2,0,0
BRDA:55,2,1,0
BRDA:64,3,0,0
BRDA:64,3,1,0
BRDA:65,4,0,0
BRDA:65,4,1,0
BRDA:170,5,0,0
BRDA:170,5,1,0
BRF:12
BRH:0
end_of_record
TN:
SF:/Users/dsmith/dev/incubator-superset/superset/assets/src/SqlLab/components/ShareSqlLabQuery.jsx
FN:42,(anonymous_0)
FN:50,(anonymous_1)
FN:55,(anonymous_2)
FN:58,(anonymous_3)
FN:59,(anonymous_4)
FN:66,(anonymous_5)
FN:79,(anonymous_6)
FNF:7
FNH:7
FNDA:6,(anonymous_0)
FNDA:2,(anonymous_1)
FNDA:1,(anonymous_2)
FNDA:1,(anonymous_3)
FNDA:1,(anonymous_4)
FNDA:9,(anonymous_5)
FNDA:9,(anonymous_6)
DA:30,4
DA:43,6
DA:44,6
DA:47,6
DA:51,2
DA:52,2
DA:54,2
DA:56,1
DA:59,1
DA:60,1
DA:61,1
DA:67,9
DA:80,9
DA:97,4
LF:14
LH:14
BRDA:70,0,0,9
BRDA:70,0,1,0
BRF:2
BRH:1
end_of_record
TN:
SF:/Users/dsmith/dev/incubator-superset/superset/assets/src/SqlLab/components/ShowSQL.jsx
FN:47,(anonymous_0)
FN:56,(anonymous_1)
FNF:2
FNH:0
FNDA:0,(anonymous_0)
FNDA:0,(anonymous_1)
DA:32,5
DA:34,5
DA:40,5
DA:48,0
DA:57,0
DA:73,5
DA:74,5
LF:7
LH:5
BRF:0
BRH:0
end_of_record
TN:
SF:/Users/dsmith/dev/incubator-superset/superset/assets/src/SqlLab/components/SouthPane.jsx
FN:61,(anonymous_0)
FN:70,(anonymous_1)
FN:75,(anonymous_2)
FN:80,(anonymous_3)
FN:83,(anonymous_4)
FN:100,(anonymous_5)
FN:137,(anonymous_6)
FN:182,mapStateToProps
FN:190,mapDispatchToProps
FNF:9
FNH:7
FNDA:5,(anonymous_0)
FNDA:4,(anonymous_1)
FNDA:3,(anonymous_2)
FNDA:0,(anonymous_3)
FNDA:9,(anonymous_4)
FNDA:2,(anonymous_5)
FNDA:0,(anonymous_6)
FNDA:5,mapStateToProps
FNDA:5,mapDispatchToProps
DA:37,4
DA:43,4
DA:55,4
DA:62,5
DA:63,5
DA:66,5
DA:67,5
DA:68,5
DA:72,4
DA:76,3
DA:81,0
DA:84,9
DA:85,1
DA:94,8
DA:96,8
DA:97,8
DA:99,2
DA:100,2
DA:104,8
DA:105,2
DA:111,0
DA:116,2
DA:120,2
DA:133,6
DA:137,8
DA:138,0
DA:155,8
DA:183,5
DA:191,5
DA:196,4
DA:197,4
LF:31
LH:28
BRDA:76,0,0,3
BRDA:76,0,1,0
BRDA:84,1,0,1
BRDA:84,1,1,8
BRDA:97,2,0,2
BRDA:97,2,1,6
BRDA:104,3,0,2
BRDA:104,3,1,6
BRDA:105,4,0,0
BRDA:105,4,1,2
BRDA:106,5,0,2
BRDA:106,5,1,0
BRDA:106,5,2,0
BRDA:106,5,3,0
BRDA:116,6,0,2
BRDA:116,6,1,0
BRF:16
BRH:10
end_of_record
TN:
SF:/Users/dsmith/dev/incubator-superset/superset/assets/src/SqlLab/components/SqlEditor.jsx
FN:88,(anonymous_0)
FN:127,(anonymous_1)
FN:134,(anonymous_2)
FN:142,(anonymous_3)
FN:145,(anonymous_4)
FN:150,(anonymous_5)
FN:161,(anonymous_6)
FN:171,(anonymous_7)
FN:178,(anonymous_8)
FN:189,(anonymous_9)
FN:207,(anonymous_10)
FN:223,(anonymous_11)
FN:226,(anonymous_12)
FN:232,(anonymous_13)
FN:245,(anonymous_14)
FN:248,(anonymous_15)
FN:254,(anonymous_16)
FN:267,(anonymous_17)
FN:276,(anonymous_18)
FN:281,(anonymous_19)
FN:301,(anonymous_20)
FN:309,(anonymous_21)
FN:312,(anonymous_22)
FN:315,(anonymous_23)
FN:363,(anonymous_24)
FN:504,(anonymous_25)
FN:522,(anonymous_26)
FNF:27
FNH:10
FNDA:10,(anonymous_0)
FNDA:10,(anonymous_1)
FNDA:10,(anonymous_2)
FNDA:0,(anonymous_3)
FNDA:0,(anonymous_4)
FNDA:0,(anonymous_5)
FNDA:0,(anonymous_6)
FNDA:3,(anonymous_7)
FNDA:21,(anonymous_8)
FNDA:21,(anonymous_9)
FNDA:0,(anonymous_10)
FNDA:0,(anonymous_11)
FNDA:0,(anonymous_12)
FNDA:0,(anonymous_13)
FNDA:0,(anonymous_14)
FNDA:18,(anonymous_15)
FNDA:0,(anonymous_16)
FNDA:0,(anonymous_17)
FNDA:0,(anonymous_18)
FNDA:0,(anonymous_19)
FNDA:0,(anonymous_20)
FNDA:0,(anonymous_21)
FNDA:0,(anonymous_22)
FNDA:21,(anonymous_23)
FNDA:21,(anonymous_24)
FNDA:0,(anonymous_25)
FNDA:21,(anonymous_26)
DA:57,3
DA:58,3
DA:59,3
DA:60,3
DA:61,3
DA:62,3
DA:64,3
DA:80,3
DA:89,10
DA:90,10
DA:97,10
DA:98,10
DA:100,10
DA:101,10
DA:102,10
DA:103,10
DA:104,10
DA:105,10
DA:106,10
DA:107,10
DA:108,10
DA:112,10
DA:113,10
DA:116,10
DA:117,10
DA:121,10
DA:122,10
DA:128,10
DA:129,0
DA:130,0
DA:131,0
DA:138,10
DA:140,10
DA:143,0
DA:148,0
DA:151,0
DA:153,0
DA:154,0
DA:162,0
DA:163,0
DA:165,0
DA:167,0
DA:172,3
DA:179,21
DA:190,21
DA:208,0
DA:224,0
DA:227,0
DA:233,0
DA:234,0
DA:235,0
DA:242,0
DA:246,0
DA:249,18
DA:255,0
DA:256,0
DA:257,0
DA:264,0
DA:270,0
DA:271,0
DA:272,0
DA:274,0
DA:277,0
DA:278,0
DA:282,0
DA:283,0
DA:298,0
DA:299,0
DA:302,0
DA:306,0
DA:310,0
DA:313,0
DA:316,21
DA:320,21
DA:325,21
DA:365,21
DA:366,0
DA:367,0
DA:391,21
DA:392,21
DA:393,21
DA:399,0
DA:408,0
DA:415,21
DA:416,21
DA:419,21
DA:505,0
DA:523,21
DA:544,3
DA:545,3
LF:90
LH:47
BRDA:93,0,0,10
BRDA:93,0,1,10
BRDA:94,1,0,10
BRDA:94,1,1,10
BRDA:128,2,0,0
BRDA:128,2,1,10
BRDA:153,3,0,0
BRDA:153,3,1,0
BRDA:153,4,0,0
BRDA:153,4,1,0
BRDA:165,5,0,0
BRDA:165,5,1,0
BRDA:172,6,0,3
BRDA:172,6,1,0
BRDA:233,7,0,0
BRDA:233,7,1,0
BRDA:237,8,0,0
BRDA:237,8,1,0
BRDA:255,9,0,0
BRDA:255,9,1,0
BRDA:271,10,0,0
BRDA:271,10,1,0
BRDA:271,11,0,0
BRDA:271,11,1,0
BRDA:277,12,0,0
BRDA:277,12,1,0
BRDA:281,13,0,0
BRDA:285,14,0,0
BRDA:285,14,1,0
BRDA:289,15,0,0
BRDA:289,15,1,0
BRDA:291,16,0,0
BRDA:291,16,1,0
BRDA:292,17,0,0
BRDA:292,17,1,0
BRDA:302,18,0,0
BRDA:302,18,1,0
BRDA:303,19,0,0
BRDA:303,19,1,0
BRDA:354,20,0,21
BRDA:354,20,1,15
BRDA:365,21,0,0
BRDA:365,21,1,21
BRDA:365,22,0,21
BRDA:365,22,1,15
BRDA:393,23,0,0
BRDA:393,23,1,21
BRDA:394,24,0,21
BRDA:394,24,1,15
BRDA:394,24,2,15
BRDA:415,25,0,21
BRDA:415,25,1,15
BRDA:416,26,0,15
BRDA:416,26,1,6
BRDA:426,27,0,15
BRDA:426,27,1,6
BRDA:432,28,0,21
BRDA:432,28,1,15
BRDA:440,29,0,21
BRDA:440,29,1,0
BRDA:440,29,2,0
BRDA:440,29,3,0
BRDA:455,30,0,21
BRDA:455,30,1,0
BRDA:473,31,0,21
BRDA:473,31,1,0
BRDA:483,32,0,21
BRDA:483,32,1,0
BRDA:487,33,0,2
BRDA:487,33,1,19
BRDA:510,34,0,21
BRDA:510,34,1,15
BRF:72
BRH:31
end_of_record
TN:
SF:/Users/dsmith/dev/incubator-superset/superset/assets/src/SqlLab/components/SqlEditorLeftBar.jsx
FN:43,(anonymous_0)
FN:53,(anonymous_1)
FN:56,(anonymous_2)
FN:62,(anonymous_3)
FN:68,(anonymous_4)
FN:71,(anonymous_5)
FN:74,(anonymous_6)
FN:78,(anonymous_7)
FN:79,(anonymous_8)
FN:92,(anonymous_9)
FN:95,(anonymous_10)
FN:105,(anonymous_11)
FN:108,(anonymous_12)
FN:133,(anonymous_13)
FNF:14
FNH:3
FNDA:5,(anonymous_0)
FNDA:0,(anonymous_1)
FNDA:0,(anonymous_2)
FNDA:0,(anonymous_3)
FNDA:0,(anonymous_4)
FNDA:0,(anonymous_5)
FNDA:0,(anonymous_6)
FNDA:0,(anonymous_7)
FNDA:0,(anonymous_8)
FNDA:0,(anonymous_9)
FNDA:0,(anonymous_10)
FNDA:0,(anonymous_11)
FNDA:5,(anonymous_12)
FNDA:2,(anonymous_13)
DA:26,4
DA:35,4
DA:44,5
DA:45,5
DA:46,5
DA:47,5
DA:48,5
DA:49,5
DA:50,5
DA:51,5
DA:54,0
DA:57,0
DA:63,0
DA:69,0
DA:72,0
DA:75,0
DA:79,0
DA:83,0
DA:84,0
DA:85,0
DA:89,0
DA:93,0
DA:96,0
DA:97,0
DA:99,0
DA:100,0
DA:101,0
DA:102,0
DA:106,0
DA:109,5
DA:110,5
DA:111,5
DA:112,5
DA:134,2
DA:152,4
DA:153,4
LF:36
LH:17
BRDA:84,0,0,0
BRDA:84,0,1,0
BRDA:96,1,0,0
BRDA:96,1,1,0
BRDA:142,2,0,5
BRDA:142,2,1,0
BRF:6
BRH:1
end_of_record
TN:
SF:/Users/dsmith/dev/incubator-superset/superset/assets/src/SqlLab/components/TabStatusIcon.jsx
FN:28,(anonymous_0)
FN:36,(anonymous_1)
FN:40,(anonymous_2)
FN:44,(anonymous_3)
FNF:4
FNH:3
FNDA:6,(anonymous_0)
FNDA:1,(anonymous_1)
FNDA:0,(anonymous_2)
FNDA:7,(anonymous_3)
DA:22,3
DA:29,6
DA:30,6
DA:31,6
DA:33,6
DA:37,1
DA:41,0
DA:45,7
DA:59,3
LF:9
LH:8
BRDA:52,0,0,1
BRDA:52,0,1,6
BRF:2
BRH:2
end_of_record
TN:
SF:/Users/dsmith/dev/incubator-superset/superset/assets/src/SqlLab/components/TabbedSqlEditors.jsx
FN:58,(anonymous_0)
FN:75,(anonymous_1)
FN:79,(anonymous_2)
FN:82,(anonymous_3)
FN:85,(anonymous_4)
FN:86,(anonymous_5)
FN:89,(anonymous_6)
FN:92,(anonymous_7)
FN:119,(anonymous_8)
FN:155,(anonymous_9)
FN:169,(anonymous_10)
FN:188,(anonymous_11)
FN:193,(anonymous_12)
FN:200,(anonymous_13)
FN:205,(anonymous_14)
FN:207,(anonymous_15)
FN:211,(anonymous_16)
FN:231,(anonymous_17)
FN:237,(anonymous_18)
FN:245,(anonymous_19)
FN:248,(anonymous_20)
FN:250,(anonymous_21)
FN:253,(anonymous_22)
FN:256,(anonymous_23)
FN:259,(anonymous_24)
FN:260,(anonymous_25)
FN:277,(anonymous_26)
FN:290,(anonymous_27)
FN:296,(anonymous_28)
FN:310,(anonymous_29)
FN:317,(anonymous_30)
FN:330,(anonymous_31)
FN:377,mapStateToProps
FN:393,mapDispatchToProps
FNF:34
FNH:17
FNDA:11,(anonymous_0)
FNDA:11,(anonymous_1)
FNDA:0,(anonymous_2)
FNDA:0,(anonymous_3)
FNDA:0,(anonymous_4)
FNDA:0,(anonymous_5)
FNDA:0,(anonymous_6)
FNDA:0,(anonymous_7)
FNDA:0,(anonymous_8)
FNDA:2,(anonymous_9)
FNDA:1,(anonymous_10)
FNDA:3,(anonymous_11)
FNDA:1,(anonymous_12)
FNDA:38,(anonymous_13)
FNDA:38,(anonymous_14)
FNDA:2,(anonymous_15)
FNDA:0,(anonymous_16)
FNDA:2,(anonymous_17)
FNDA:0,(anonymous_18)
FNDA:1,(anonymous_19)
FNDA:0,(anonymous_20)
FNDA:0,(anonymous_21)
FNDA:1,(anonymous_22)
FNDA:0,(anonymous_23)
FNDA:14,(anonymous_24)
FNDA:14,(anonymous_25)
FNDA:0,(anonymous_26)
FNDA:0,(anonymous_27)
FNDA:0,(anonymous_28)
FNDA:0,(anonymous_29)
FNDA:0,(anonymous_30)
FNDA:1,(anonymous_31)
FNDA:11,mapStateToProps
FNDA:11,mapDispatchToProps
DA:33,2
DA:48,2
DA:55,2
DA:59,11
DA:60,11
DA:61,11
DA:67,11
DA:68,11
DA:69,11
DA:70,11
DA:73,11
DA:77,11
DA:78,0
DA:79,0
DA:81,0
DA:82,0
DA:84,0
DA:85,0
DA:88,0
DA:89,0
DA:91,0
DA:92,0
DA:94,0
DA:102,11
DA:104,11
DA:105,3
DA:106,1
DA:107,2
DA:108,1
DA:109,1
DA:110,0
DA:111,1
DA:112,1
DA:113,1
DA:114,1
DA:116,0
DA:117,0
DA:118,0
DA:119,0
DA:120,0
DA:121,0
DA:126,1
DA:133,1
DA:135,3
DA:136,8
DA:137,0
DA:139,8
DA:140,8
DA:141,8
DA:148,0
DA:157,2
DA:158,2
DA:159,2
DA:160,1
DA:161,1
DA:164,2
DA:165,1
DA:168,2
DA:169,2
DA:170,1
DA:171,1
DA:176,1
DA:182,2
DA:185,1
DA:189,3
DA:191,3
DA:195,1
DA:196,1
DA:197,1
DA:201,38
DA:202,0
DA:204,38
DA:205,38
DA:208,2
DA:209,2
DA:210,2
DA:211,0
DA:213,2
DA:218,2
DA:229,2
DA:232,2
DA:233,1
DA:235,1
DA:236,1
DA:237,0
DA:238,0
DA:246,1
DA:249,0
DA:250,0
DA:254,1
DA:257,0
DA:260,14
DA:262,14
DA:265,14
DA:266,1
DA:269,14
DA:270,1
DA:272,14
DA:275,14
DA:277,0
DA:284,14
DA:290,0
DA:296,0
DA:310,0
DA:317,0
DA:325,14
DA:330,1
DA:349,14
DA:374,2
DA:375,2
DA:378,11
DA:394,11
LF:112
LH:80
BRDA:77,0,0,0
BRDA:77,0,1,11
BRDA:104,1,0,3
BRDA:104,1,1,8
BRDA:104,2,0,11
BRDA:104,2,1,10
BRDA:104,2,2,9
BRDA:104,2,3,8
BRDA:105,3,0,1
BRDA:105,3,1,2
BRDA:107,4,0,1
BRDA:107,4,1,1
BRDA:109,5,0,0
BRDA:109,5,1,1
BRDA:111,6,0,1
BRDA:111,6,1,0
BRDA:113,7,0,1
BRDA:113,7,1,0
BRDA:118,8,0,0
BRDA:118,8,1,0
BRDA:120,9,0,0
BRDA:120,9,1,0
BRDA:136,10,0,0
BRDA:136,10,1,8
BRDA:141,11,0,0
BRDA:141,11,1,8
BRDA:142,12,0,8
BRDA:142,12,1,0
BRDA:142,12,2,0
BRDA:160,13,0,1
BRDA:160,13,1,0
BRDA:164,14,0,1
BRDA:164,14,1,1
BRDA:171,15,0,1
BRDA:171,15,1,0
BRDA:172,16,0,1
BRDA:172,16,1,1
BRDA:172,16,2,1
BRDA:182,17,0,1
BRDA:182,17,1,1
BRDA:196,18,0,1
BRDA:196,18,1,0
BRDA:201,19,0,0
BRDA:201,19,1,38
BRDA:205,20,0,38
BRDA:205,20,1,0
BRDA:213,21,0,0
BRDA:213,21,1,2
BRDA:221,22,0,0
BRDA:221,22,1,2
BRDA:221,23,0,2
BRDA:221,23,1,2
BRDA:223,24,0,2
BRDA:223,24,1,2
BRDA:224,25,0,2
BRDA:224,25,1,0
BRDA:232,26,0,1
BRDA:232,26,1,1
BRDA:236,27,0,0
BRDA:236,27,1,1
BRDA:250,28,0,0
BRDA:250,28,1,0
BRDA:262,29,0,14
BRDA:262,29,1,14
BRDA:265,30,0,1
BRDA:265,30,1,13
BRDA:269,31,0,1
BRDA:269,31,1,13
BRDA:272,32,0,1
BRDA:272,32,1,13
BRDA:306,33,0,1
BRDA:306,33,1,13
BRDA:327,34,0,14
BRDA:327,34,1,14
BRF:74
BRH:51
end_of_record
TN:
SF:/Users/dsmith/dev/incubator-superset/superset/assets/src/SqlLab/components/TableElement.jsx
FN:45,(anonymous_0)
FN:58,(anonymous_1)
FN:62,(anonymous_2)
FN:73,(anonymous_3)
FN:82,(anonymous_4)
FN:86,(anonymous_5)
FN:90,(anonymous_6)
FN:94,(anonymous_7)
FN:130,(anonymous_8)
FN:141,(anonymous_9)
FN:193,(anonymous_10)
FN:201,(anonymous_11)
FN:215,(anonymous_12)
FN:228,(anonymous_13)
FN:234,(anonymous_14)
FN:252,(anonymous_15)
FN:260,(anonymous_16)
FN:269,(anonymous_17)
FN:270,(anonymous_18)
FNF:19
FNH:13
FNDA:6,(anonymous_0)
FNDA:0,(anonymous_1)
FNDA:0,(anonymous_2)
FNDA:1,(anonymous_3)
FNDA:1,(anonymous_4)
FNDA:1,(anonymous_5)
FNDA:0,(anonymous_6)
FNDA:8,(anonymous_7)
FNDA:8,(anonymous_8)
FNDA:32,(anonymous_9)
FNDA:8,(anonymous_10)
FNDA:1,(anonymous_11)
FNDA:0,(anonymous_12)
FNDA:8,(anonymous_13)
FNDA:38,(anonymous_14)
FNDA:112,(anonymous_15)
FNDA:8,(anonymous_16)
FNDA:0,(anonymous_17)
FNDA:0,(anonymous_18)
DA:32,5
DA:38,5
DA:46,6
DA:47,6
DA:52,6
DA:53,6
DA:54,6
DA:55,6
DA:59,0
DA:63,0
DA:70,0
DA:74,1
DA:75,1
DA:76,1
DA:78,0
DA:83,1
DA:84,1
DA:87,1
DA:91,0
DA:95,8
DA:97,8
DA:100,8
DA:101,8
DA:102,8
DA:103,8
DA:112,8
DA:113,8
DA:114,24
DA:116,8
DA:117,8
DA:128,8
DA:132,8
DA:133,8
DA:134,8
DA:142,32
DA:153,8
DA:194,8
DA:195,8
DA:202,1
DA:216,0
DA:229,8
DA:231,8
DA:232,8
DA:233,8
DA:234,1
DA:235,38
DA:236,38
DA:237,38
DA:238,24
DA:239,14
DA:240,14
DA:242,0
DA:247,8
DA:252,112
DA:257,8
DA:261,8
DA:269,0
DA:270,0
DA:279,5
DA:280,5
LF:60
LH:51
BRDA:75,0,0,1
BRDA:75,0,1,0
BRDA:97,1,0,8
BRDA:97,1,1,0
BRDA:100,2,0,8
BRDA:100,2,1,0
BRDA:133,3,0,8
BRDA:133,3,1,0
BRDA:133,4,0,8
BRDA:133,4,1,8
BRDA:158,5,0,7
BRDA:158,5,1,1
BRDA:163,6,0,7
BRDA:163,6,1,1
BRDA:169,7,0,8
BRDA:169,7,1,8
BRDA:177,8,0,8
BRDA:177,8,1,0
BRDA:209,9,0,0
BRDA:209,9,1,8
BRDA:209,10,0,8
BRDA:209,10,1,8
BRDA:221,11,0,8
BRDA:221,11,1,0
BRDA:231,12,0,8
BRDA:231,12,1,0
BRDA:233,13,0,1
BRDA:233,13,1,7
BRDA:237,14,0,24
BRDA:237,14,1,14
BRDA:239,15,0,14
BRDA:239,15,1,0
BRDA:251,16,0,8
BRDA:251,16,1,8
BRF:34
BRH:25
end_of_record
TN:
SF:/Users/dsmith/dev/incubator-superset/superset/assets/src/SqlLab/components/TemplateParamsEditor.jsx
FN:44,(anonymous_0)
FN:49,(anonymous_1)
FN:59,(anonymous_2)
FN:62,(anonymous_3)
FN:78,(anonymous_4)
FN:99,(anonymous_5)
FN:118,(anonymous_6)
FNF:7
FNH:6
FNDA:0,(anonymous_0)
FNDA:3,(anonymous_1)
FNDA:3,(anonymous_2)
FNDA:3,(anonymous_3)
FNDA:6,(anonymous_4)
FNDA:6,(anonymous_5)
FNDA:6,(anonymous_6)
DA:35,3
DA:41,3
DA:50,3
DA:51,3
DA:52,3
DA:57,3
DA:60,3
DA:63,3
DA:65,3
DA:66,3
DA:67,3
DA:68,3
DA:70,0
DA:72,3
DA:73,3
DA:74,3
DA:75,0
DA:79,6
DA:100,6
DA:119,6
DA:122,6
DA:145,3
DA:146,3
LF:23
LH:21
BRDA:51,0,0,3
BRDA:51,0,1,0
BRDA:73,1,0,3
BRDA:73,1,1,0
BRDA:74,2,0,0
BRDA:74,2,1,3
BRDA:119,3,0,3
BRDA:119,3,1,3
BRDA:128,4,0,6
BRDA:128,4,1,0
BRDA:129,5,0,6
BRDA:129,5,1,0
BRF:12
BRH:7
end_of_record
TN:
SF:/Users/dsmith/dev/incubator-superset/superset/assets/src/SqlLab/reducers/common.js
FN:19,commonReducer
FNF:1
FNH:1
FNDA:6,commonReducer
DA:20,6
LF:1
LH:1
BRDA:19,0,0,6
BRF:1
BRH:1
end_of_record
TN:
SF:/Users/dsmith/dev/incubator-superset/superset/assets/src/SqlLab/reducers/getInitialState.js
FN:22,getInitialState
FN:59,(anonymous_1)
FN:99,(anonymous_2)
FN:100,(anonymous_3)
FN:147,(anonymous_4)
FN:154,(anonymous_5)
FN:157,(anonymous_6)
FNF:7
FNH:0
FNDA:0,getInitialState
FNDA:0,(anonymous_1)
FNDA:0,(anonymous_2)
FNDA:0,(anonymous_3)
FNDA:0,(anonymous_4)
FNDA:0,(anonymous_5)
FNDA:0,(anonymous_6)
DA:31,0
DA:32,0
DA:58,0
DA:59,0
DA:61,0
DA:62,0
DA:84,0
DA:91,0
DA:94,0
DA:96,0
DA:97,0
DA:98,0
DA:99,0
DA:108,0
DA:109,0
DA:125,0
DA:129,0
DA:135,0
DA:139,0
DA:141,0
DA:143,0
DA:147,0
DA:148,0
DA:154,0
DA:155,0
DA:157,0
DA:158,0
DA:160,0
DA:164,0
LF:29
LH:0
BRDA:61,0,0,0
BRDA:61,0,1,0
BRDA:61,1,0,0
BRDA:61,1,1,0
BRDA:68,2,0,0
BRDA:68,2,1,0
BRDA:94,3,0,0
BRDA:94,3,1,0
BRDA:97,4,0,0
BRDA:97,4,1,0
BRDA:135,5,0,0
BRDA:135,5,1,0
BRDA:136,6,0,0
BRDA:136,6,1,0
BRDA:141,7,0,0
BRDA:141,7,1,0
BRDA:177,8,0,0
BRDA:177,8,1,0
BRDA:177,9,0,0
BRDA:177,9,1,0
BRF:20
BRH:0
end_of_record
TN:
SF:/Users/dsmith/dev/incubator-superset/superset/assets/src/SqlLab/reducers/index.js
FNF:0
FNH:0
LF:0
LH:0
BRF:0
BRH:0
end_of_record
TN:
SF:/Users/dsmith/dev/incubator-superset/superset/assets/src/SqlLab/reducers/localStorageUsage.js
FN:19,localStorageUsageReducer
FNF:1
FNH:1
FNDA:6,localStorageUsageReducer
DA:20,6
LF:1
LH:1
BRDA:19,0,0,6
BRF:1
BRH:1
end_of_record
TN:
SF:/Users/dsmith/dev/incubator-superset/superset/assets/src/SqlLab/reducers/sqlLab.js
FN:34,sqlLabReducer
FN:36,(anonymous_1)
FN:42,(anonymous_2)
FN:44,(anonymous_3)
FN:56,(anonymous_4)
FN:58,(anonymous_5)
FN:68,(anonymous_6)
FN:70,(anonymous_7)
FN:84,(anonymous_8)
FN:87,(anonymous_9)
FN:90,(anonymous_10)
FN:98,(anonymous_11)
FN:102,(anonymous_12)
FN:108,(anonymous_13)
FN:113,(anonymous_14)
FN:116,(anonymous_15)
FN:119,(anonymous_16)
FN:145,(anonymous_17)
FN:148,(anonymous_18)
FN:156,(anonymous_19)
FN:161,(anonymous_20)
FN:176,(anonymous_21)
FN:179,(anonymous_22)
FN:182,(anonymous_23)
FN:194,(anonymous_24)
FN:218,(anonymous_25)
FN:249,(anonymous_26)
FN:261,(anonymous_27)
FN:273,(anonymous_28)
FN:285,(anonymous_29)
FN:313,(anonymous_30)
FN:319,(anonymous_31)
FN:327,(anonymous_32)
FN:332,(anonymous_33)
FN:348,(anonymous_34)
FN:360,(anonymous_35)
FN:361,(anonymous_36)
FN:372,(anonymous_37)
FN:377,(anonymous_38)
FN:380,(anonymous_39)
FN:383,(anonymous_40)
FN:387,(anonymous_41)
FN:398,(anonymous_42)
FN:402,(anonymous_43)
FN:413,(anonymous_44)
FN:417,(anonymous_45)
FN:421,(anonymous_46)
FN:426,(anonymous_47)
FN:435,(anonymous_48)
FN:440,(anonymous_49)
FN:445,(anonymous_50)
FN:450,(anonymous_51)
FN:455,(anonymous_52)
FN:460,(anonymous_53)
FN:465,(anonymous_54)
FN:470,(anonymous_55)
FN:475,(anonymous_56)
FN:480,(anonymous_57)
FN:485,(anonymous_58)
FN:491,(anonymous_59)
FN:493,(anonymous_60)
FN:498,(anonymous_61)
FN:525,(anonymous_62)
FN:528,(anonymous_63)
FN:534,(anonymous_64)
FN:541,(anonymous_65)
FNF:66
FNH:23
FNDA:41,sqlLabReducer
FNDA:11,(anonymous_1)
FNDA:0,(anonymous_2)
FNDA:0,(anonymous_3)
FNDA:0,(anonymous_4)
FNDA:0,(anonymous_5)
FNDA:0,(anonymous_6)
FNDA:0,(anonymous_7)
FNDA:1,(anonymous_8)
FNDA:1,(anonymous_9)
FNDA:0,(anonymous_10)
FNDA:2,(anonymous_11)
FNDA:0,(anonymous_12)
FNDA:1,(anonymous_13)
FNDA:0,(anonymous_14)
FNDA:5,(anonymous_15)
FNDA:1,(anonymous_16)
FNDA:1,(anonymous_17)
FNDA:0,(anonymous_18)
FNDA:0,(anonymous_19)
FNDA:0,(anonymous_20)
FNDA:1,(anonymous_21)
FNDA:1,(anonymous_22)
FNDA:0,(anonymous_23)
FNDA:0,(anonymous_24)
FNDA:0,(anonymous_25)
FNDA:0,(anonymous_26)
FNDA:0,(anonymous_27)
FNDA:0,(anonymous_28)
FNDA:3,(anonymous_29)
FNDA:1,(anonymous_30)
FNDA:0,(anonymous_31)
FNDA:0,(anonymous_32)
FNDA:0,(anonymous_33)
FNDA:0,(anonymous_34)
FNDA:1,(anonymous_35)
FNDA:3,(anonymous_36)
FNDA:0,(anonymous_37)
FNDA:0,(anonymous_38)
FNDA:0,(anonymous_39)
FNDA:0,(anonymous_40)
FNDA:0,(anonymous_41)
FNDA:0,(anonymous_42)
FNDA:0,(anonymous_43)
FNDA:0,(anonymous_44)
FNDA:0,(anonymous_45)
FNDA:0,(anonymous_46)
FNDA:0,(anonymous_47)
FNDA:1,(anonymous_48)
FNDA:1,(anonymous_49)
FNDA:0,(anonymous_50)
FNDA:0,(anonymous_51)
FNDA:1,(anonymous_52)
FNDA:1,(anonymous_53)
FNDA:1,(anonymous_54)
FNDA:0,(anonymous_55)
FNDA:1,(anonymous_56)
FNDA:2,(anonymous_57)
FNDA:0,(anonymous_58)
FNDA:0,(anonymous_59)
FNDA:0,(anonymous_60)
FNDA:1,(anonymous_61)
FNDA:0,(anonymous_62)
FNDA:0,(anonymous_63)
FNDA:0,(anonymous_64)
FNDA:0,(anonymous_65)
DA:35,41
DA:37,11
DA:38,11
DA:39,11
DA:40,11
DA:43,0
DA:44,0
DA:45,0
DA:57,0
DA:58,0
DA:59,0
DA:60,0
DA:69,0
DA:70,0
DA:72,0
DA:82,0
DA:85,1
DA:87,1
DA:89,1
DA:90,1
DA:91,0
DA:92,0
DA:93,0
DA:97,1
DA:98,2
DA:101,1
DA:102,0
DA:105,1
DA:106,1
DA:109,1
DA:110,1
DA:111,1
DA:114,0
DA:117,5
DA:119,5
DA:120,1
DA:126,1
DA:129,5
DA:130,1
DA:131,0
DA:133,1
DA:136,4
DA:137,4
DA:138,4
DA:139,0
DA:143,4
DA:146,1
DA:149,0
DA:150,0
DA:151,0
DA:154,0
DA:157,0
DA:158,0
DA:160,0
DA:161,0
DA:162,0
DA:163,0
DA:167,0
DA:170,0
DA:177,1
DA:180,1
DA:183,0
DA:184,0
DA:185,0
DA:192,0
DA:202,0
DA:203,0
DA:204,0
DA:207,0
DA:208,0
DA:209,0
DA:216,0
DA:226,0
DA:227,0
DA:228,0
DA:231,0
DA:232,0
DA:233,0
DA:247,0
DA:250,0
DA:251,0
DA:252,0
DA:259,0
DA:262,0
DA:263,0
DA:264,0
DA:271,0
DA:274,0
DA:275,0
DA:276,0
DA:283,0
DA:286,3
DA:287,3
DA:288,3
DA:289,3
DA:290,0
DA:298,0
DA:301,0
DA:302,0
DA:305,0
DA:307,3
DA:308,3
DA:309,3
DA:314,1
DA:320,0
DA:321,0
DA:322,0
DA:328,0
DA:334,0
DA:335,0
DA:337,0
DA:346,0
DA:349,0
DA:350,0
DA:352,0
DA:358,0
DA:361,3
DA:362,1
DA:366,1
DA:367,1
DA:368,1
DA:370,0
DA:373,0
DA:378,0
DA:381,0
DA:385,0
DA:386,0
DA:387,0
DA:389,0
DA:392,0
DA:400,0
DA:401,0
DA:402,0
DA:404,0
DA:407,0
DA:415,0
DA:416,0
DA:417,0
DA:419,0
DA:420,0
DA:421,0
DA:423,0
DA:424,0
DA:427,0
DA:432,0
DA:433,0
DA:436,1
DA:441,1
DA:446,0
DA:451,0
DA:456,1
DA:461,1
DA:466,1
DA:471,0
DA:476,1
DA:481,2
DA:486,0
DA:492,0
DA:493,0
DA:494,0
DA:496,0
DA:499,1
DA:501,1
DA:502,1
DA:503,1
DA:504,0
DA:505,0
DA:510,0
DA:511,0
DA:513,0
DA:514,0
DA:517,1
DA:518,1
DA:520,1
DA:526,0
DA:529,0
DA:535,0
DA:542,0
DA:548,41
DA:549,35
DA:551,6
LF:181
LH:61
BRDA:34,0,0,6
BRDA:59,1,0,0
BRDA:59,1,1,0
BRDA:75,2,0,0
BRDA:75,2,1,0
BRDA:76,3,0,0
BRDA:76,3,1,0
BRDA:92,4,0,0
BRDA:92,4,1,0
BRDA:120,5,0,1
BRDA:120,5,1,0
BRDA:121,6,0,1
BRDA:121,6,1,1
BRDA:121,6,2,1
BRDA:121,6,3,1
BRDA:129,7,0,1
BRDA:129,7,1,4
BRDA:130,8,0,0
BRDA:130,8,1,1
BRDA:138,9,0,0
BRDA:138,9,1,4
BRDA:162,10,0,0
BRDA:162,10,1,0
BRDA:203,11,0,0
BRDA:203,11,1,0
BRDA:227,12,0,0
BRDA:227,12,1,0
BRDA:287,13,0,3
BRDA:287,13,1,0
BRDA:289,14,0,0
BRDA:289,14,1,3
BRDA:289,15,0,3
BRDA:289,15,1,0
BRDA:334,16,0,0
BRDA:334,16,1,0
BRDA:349,17,0,0
BRDA:349,17,1,0
BRDA:362,18,0,1
BRDA:362,18,1,0
BRDA:363,19,0,1
BRDA:363,19,1,1
BRDA:505,20,0,0
BRDA:505,20,1,0
BRDA:506,21,0,0
BRDA:506,21,1,0
BRDA:506,21,2,0
BRDA:510,22,0,0
BRDA:510,22,1,0
BRDA:517,23,0,1
BRDA:517,23,1,0
BRDA:548,24,0,35
BRDA:548,24,1,6
BRF:52
BRH:19
end_of_record
TN:
SF:/Users/dsmith/dev/incubator-superset/superset/assets/src/SqlLab/utils/reduxStateToLocalStorageHelper.js
FN:38,emptyQueryResults
FN:39,(anonymous_1)
FN:55,clearQueryEditors
FN:56,(anonymous_3)
FN:59,(anonymous_4)
FN:61,(anonymous_5)
FNF:6
FNH:6
FNDA:1,emptyQueryResults
FNDA:2,(anonymous_1)
FNDA:1,clearQueryEditors
FNDA:1,(anonymous_3)
FNDA:8,(anonymous_4)
FNDA:7,(anonymous_5)
DA:21,1
DA:39,1
DA:40,2
DA:41,2
DA:47,2
DA:51,2
DA:56,1
DA:58,1
DA:59,8
DA:61,7
LF:10
LH:10
BRDA:44,0,0,2
BRDA:44,0,1,0
BRF:2
BRH:1
end_of_record
TN:
SF:/Users/dsmith/dev/incubator-superset/superset/assets/src/SqlLab/utils/sqlKeywords.ts
FN:98,(anonymous_0)
FNF:1
FNH:1
FNDA:2760,(anonymous_0)
DA:19,40
DA:21,40
DA:75,40
DA:96,40
DA:98,2760
DA:105,40
LF:6
LH:6
BRF:0
BRH:0
end_of_record
TN:
SF:/Users/dsmith/dev/incubator-superset/superset/assets/src/addSlice/AddSliceContainer.jsx
FN:39,(anonymous_0)
FN:50,(anonymous_1)
FN:60,(anonymous_2)
FN:64,(anonymous_3)
FN:72,(anonymous_4)
FN:76,(anonymous_5)
FN:80,(anonymous_6)
FNF:7
FNH:4
FNDA:6,(anonymous_0)
FNDA:1,(anonymous_1)
FNDA:0,(anonymous_2)
FNDA:0,(anonymous_3)
FNDA:0,(anonymous_4)
FNDA:8,(anonymous_5)
FNDA:8,(anonymous_6)
DA:27,1
DA:36,1
DA:40,6
DA:41,6
DA:45,6
DA:46,6
DA:47,6
DA:51,1
DA:57,1
DA:61,0
DA:65,0
DA:73,0
DA:77,8
DA:81,8
DA:136,1
LF:15
LH:12
BRDA:77,0,0,8
BRDA:77,0,1,2
BRF:2
BRH:2
end_of_record
TN:
SF:/Users/dsmith/dev/incubator-superset/superset/assets/src/addSlice/App.jsx
FN:33,(anonymous_0)
FNF:1
FNH:0
FNDA:0,(anonymous_0)
DA:25,0
DA:26,0
DA:28,0
DA:29,0
DA:33,0
LF:5
LH:0
BRF:0
BRH:0
end_of_record
TN:
SF:/Users/dsmith/dev/incubator-superset/superset/assets/src/addSlice/index.jsx
FNF:0
FNH:0
DA:23,0
LF:1
LH:0
BRF:0
BRH:0
end_of_record
TN:
SF:/Users/dsmith/dev/incubator-superset/superset/assets/src/chart/Chart.jsx
FN:68,(anonymous_0)
FN:69,(anonymous_1)
FN:70,(anonymous_2)
FN:72,(anonymous_3)
FN:77,(anonymous_4)
FN:84,(anonymous_5)
FN:90,(anonymous_6)
FN:96,(anonymous_7)
FN:116,(anonymous_8)
FN:135,(anonymous_9)
FN:146,(anonymous_10)
FNF:11
FNH:0
FNDA:0,(anonymous_0)
FNDA:0,(anonymous_1)
FNDA:0,(anonymous_2)
FNDA:0,(anonymous_3)
FNDA:0,(anonymous_4)
FNDA:0,(anonymous_5)
FNDA:0,(anonymous_6)
FNDA:0,(anonymous_7)
FNDA:0,(anonymous_8)
FNDA:0,(anonymous_9)
FNDA:0,(anonymous_10)
DA:32,11
DA:65,11
DA:67,11
DA:68,0
DA:69,0
DA:70,0
DA:78,0
DA:79,0
DA:85,0
DA:86,0
DA:91,0
DA:92,0
DA:97,0
DA:99,0
DA:107,0
DA:117,0
DA:118,0
DA:119,0
DA:125,0
DA:136,0
DA:137,0
DA:155,0
DA:157,0
DA:160,0
DA:161,0
DA:162,0
DA:163,0
DA:164,0
DA:166,0
DA:167,0
DA:169,0
DA:196,11
DA:197,11
LF:33
LH:5
BRDA:85,0,0,0
BRDA:85,0,1,0
BRDA:91,1,0,0
BRDA:91,1,1,0
BRDA:97,2,0,0
BRDA:97,2,1,0
BRDA:97,3,0,0
BRDA:97,3,1,0
BRDA:122,4,0,0
BRDA:122,4,1,0
BRDA:140,5,0,0
BRDA:140,5,1,0
BRDA:160,6,0,0
BRDA:160,6,1,0
BRDA:161,7,0,0
BRDA:161,7,1,0
BRDA:163,8,0,0
BRDA:163,8,1,0
BRDA:166,9,0,0
BRDA:166,9,1,0
BRDA:175,10,0,0
BRDA:175,10,1,0
BRDA:178,11,0,0
BRDA:178,11,1,0
BRDA:180,12,0,0
BRDA:180,12,1,0
BRDA:180,12,2,0
BRDA:180,12,3,0
BRDA:187,13,0,0
BRDA:187,13,1,0
BRF:30
BRH:0
end_of_record
TN:
SF:/Users/dsmith/dev/incubator-superset/superset/assets/src/chart/ChartContainer.jsx
FN:26,mapDispatchToProps
FNF:1
FNH:0
FNDA:0,mapDispatchToProps
DA:27,0
LF:1
LH:0
BRF:0
BRH:0
end_of_record
TN:
SF:/Users/dsmith/dev/incubator-superset/superset/assets/src/chart/ChartRenderer.jsx
FN:54,(anonymous_0)
FN:55,(anonymous_1)
FN:56,(anonymous_2)
FN:58,(anonymous_3)
FN:63,(anonymous_4)
FN:85,(anonymous_5)
FN:111,(anonymous_6)
FN:115,(anonymous_7)
FN:119,(anonymous_8)
FN:138,(anonymous_9)
FN:160,(anonymous_10)
FN:167,(anonymous_11)
FN:194,(anonymous_12)
FNF:13
FNH:3
FNDA:0,(anonymous_0)
FNDA:0,(anonymous_1)
FNDA:0,(anonymous_2)
FNDA:0,(anonymous_3)
FNDA:2,(anonymous_4)
FNDA:0,(anonymous_5)
FNDA:0,(anonymous_6)
FNDA:0,(anonymous_7)
FNDA:0,(anonymous_8)
FNDA:0,(anonymous_9)
FNDA:0,(anonymous_10)
FNDA:1,(anonymous_11)
FNDA:2,(anonymous_12)
DA:27,12
DA:51,12
DA:53,12
DA:54,0
DA:55,0
DA:56,0
DA:64,2
DA:65,2
DA:67,2
DA:69,2
DA:70,2
DA:71,2
DA:72,2
DA:73,2
DA:75,2
DA:87,0
DA:92,0
DA:93,0
DA:96,0
DA:105,0
DA:108,0
DA:112,0
DA:116,0
DA:120,0
DA:121,0
DA:122,0
DA:127,0
DA:128,0
DA:139,0
DA:140,0
DA:141,0
DA:148,0
DA:149,0
DA:161,0
DA:162,0
DA:163,0
DA:168,1
DA:169,1
DA:170,0
DA:191,1
DA:201,2
DA:204,2
DA:210,1
DA:213,1
DA:223,1
DA:225,1
DA:249,12
DA:250,12
LF:48
LH:23
BRDA:87,0,0,0
BRDA:87,0,1,0
BRDA:87,0,2,0
BRDA:87,0,3,0
BRDA:92,1,0,0
BRDA:92,1,1,0
BRDA:96,2,0,0
BRDA:96,2,1,0
BRDA:97,3,0,0
BRDA:97,3,1,0
BRDA:97,3,2,0
BRDA:97,3,3,0
BRDA:97,3,4,0
BRDA:97,3,5,0
BRDA:97,3,6,0
BRDA:115,4,0,0
BRDA:115,5,0,0
BRDA:121,6,0,0
BRDA:121,6,1,0
BRDA:127,7,0,0
BRDA:127,7,1,0
BRDA:144,8,0,0
BRDA:144,8,1,0
BRDA:148,9,0,0
BRDA:148,9,1,0
BRDA:162,10,0,0
BRDA:162,10,1,0
BRDA:169,11,0,0
BRDA:169,11,1,1
BRDA:169,12,0,1
BRDA:169,12,1,0
BRDA:179,13,0,0
BRDA:179,13,1,0
BRDA:204,14,0,1
BRDA:204,14,1,1
BRDA:205,15,0,2
BRDA:205,15,1,1
BRDA:205,15,2,1
BRDA:205,15,3,1
BRF:39
BRH:8
end_of_record
TN:
SF:/Users/dsmith/dev/incubator-superset/superset/assets/src/chart/chartAction.js
FN:39,chartUpdateStarted
FN:49,chartUpdateSucceeded
FN:54,chartUpdateStopped
FN:59,chartUpdateTimeout
FN:64,chartUpdateFailed
FN:69,chartRenderingFailed
FN:74,chartRenderingSucceeded
FN:79,removeChart
FN:84,annotationQuerySuccess
FN:89,annotationQueryStarted
FN:94,annotationQueryFailed
FN:98,runAnnotationQuery
FN:104,(anonymous_12)
FN:126,(anonymous_13)
FN:152,(anonymous_14)
FN:155,(anonymous_15)
FN:156,(anonymous_16)
FN:176,triggerQuery
FN:182,renderTriggered
FN:187,updateQueryFormData
FN:194,updateChartId
FN:199,addChart
FN:203,exploreJSON
FN:210,(anonymous_23)
FN:243,(anonymous_24)
FN:261,(anonymous_25)
FN:262,(anonymous_26)
FN:285,(anonymous_27)
FN:297,(anonymous_28)
FN:305,getSavedChart
FN:320,postChartFormData
FN:330,redirectSQLLab
FN:331,(anonymous_32)
FN:340,(anonymous_33)
FN:350,(anonymous_34)
FN:356,refreshChart
FN:357,(anonymous_36)
FNF:37
FNH:17
FNDA:7,chartUpdateStarted
FNDA:5,chartUpdateSucceeded
FNDA:1,chartUpdateStopped
FNDA:2,chartUpdateTimeout
FNDA:1,chartUpdateFailed
FNDA:0,chartRenderingFailed
FNDA:0,chartRenderingSucceeded
FNDA:1,removeChart
FNDA:0,annotationQuerySuccess
FNDA:0,annotationQueryStarted
FNDA:0,annotationQueryFailed
FNDA:0,runAnnotationQuery
FNDA:0,(anonymous_12)
FNDA:0,(anonymous_13)
FNDA:0,(anonymous_14)
FNDA:0,(anonymous_15)
FNDA:0,(anonymous_16)
FNDA:7,triggerQuery
FNDA:0,renderTriggered
FNDA:7,updateQueryFormData
FNDA:0,updateChartId
FNDA:0,addChart
FNDA:7,exploreJSON
FNDA:7,(anonymous_23)
FNDA:5,(anonymous_24)
FNDA:2,(anonymous_25)
FNDA:2,(anonymous_26)
FNDA:1,(anonymous_27)
FNDA:0,(anonymous_28)
FNDA:0,getSavedChart
FNDA:7,postChartFormData
FNDA:0,redirectSQLLab
FNDA:0,(anonymous_32)
FNDA:0,(anonymous_33)
FNDA:0,(anonymous_34)
FNDA:3,refreshChart
FNDA:3,(anonymous_36)
DA:38,30
DA:40,7
DA:48,30
DA:50,5
DA:53,30
DA:55,1
DA:58,30
DA:60,2
DA:63,30
DA:65,1
DA:68,30
DA:70,0
DA:73,30
DA:75,0
DA:78,30
DA:80,1
DA:83,30
DA:85,0
DA:88,30
DA:90,0
DA:93,30
DA:95,0
DA:104,0
DA:105,0
DA:107,0
DA:111,0
DA:112,0
DA:115,0
DA:116,0
DA:117,0
DA:118,0
DA:119,0
DA:120,0
DA:125,0
DA:126,0
DA:133,0
DA:134,0
DA:135,0
DA:140,0
DA:141,0
DA:142,0
DA:143,0
DA:145,0
DA:147,0
DA:153,0
DA:156,0
DA:157,0
DA:158,0
DA:165,0
DA:166,0
DA:167,0
DA:168,0
DA:175,30
DA:177,7
DA:181,30
DA:183,0
DA:186,30
DA:188,7
DA:193,30
DA:195,0
DA:198,30
DA:200,0
DA:210,7
DA:211,7
DA:218,7
DA:219,7
DA:220,7
DA:222,7
DA:224,7
DA:230,7
DA:231,0
DA:239,7
DA:242,7
DA:244,5
DA:259,5
DA:262,2
DA:263,2
DA:276,2
DA:277,1
DA:278,1
DA:281,1
DA:282,0
DA:283,0
DA:285,1
DA:286,1
DA:287,1
DA:291,7
DA:293,7
DA:298,0
DA:304,30
DA:316,0
DA:319,30
DA:327,7
DA:331,0
DA:332,0
DA:336,0
DA:341,0
DA:342,0
DA:343,0
DA:344,0
DA:346,0
DA:347,0
DA:348,0
DA:351,0
DA:357,3
DA:358,3
DA:362,3
DA:364,0
LF:108
LH:53
BRDA:100,0,0,0
BRDA:101,1,0,0
BRDA:105,2,0,0
BRDA:105,2,1,0
BRDA:108,3,0,0
BRDA:108,3,1,0
BRDA:111,4,0,0
BRDA:111,4,1,0
BRDA:115,5,0,0
BRDA:115,5,1,0
BRDA:119,6,0,0
BRDA:119,6,1,0
BRDA:119,7,0,0
BRDA:119,7,1,0
BRDA:128,8,0,0
BRDA:128,8,1,0
BRDA:133,9,0,0
BRDA:133,9,1,0
BRDA:134,10,0,0
BRDA:134,10,1,0
BRDA:135,11,0,0
BRDA:135,11,1,0
BRDA:157,12,0,0
BRDA:157,12,1,0
BRDA:165,13,0,0
BRDA:165,13,1,0
BRDA:165,14,0,0
BRDA:165,14,1,0
BRDA:167,15,0,0
BRDA:167,15,1,0
BRDA:176,16,0,0
BRDA:194,17,0,0
BRDA:205,18,0,0
BRDA:206,19,0,0
BRDA:230,20,0,0
BRDA:230,20,1,7
BRDA:239,21,0,0
BRDA:239,21,1,7
BRDA:239,22,0,7
BRDA:239,22,1,0
BRDA:255,23,0,5
BRDA:255,23,1,0
BRDA:276,24,0,1
BRDA:276,24,1,1
BRDA:281,25,0,0
BRDA:281,25,1,1
BRDA:291,26,0,7
BRDA:291,26,1,7
BRDA:305,27,0,0
BRDA:305,28,0,0
BRDA:320,29,0,5
BRDA:320,30,0,5
BRDA:358,31,0,3
BRDA:358,31,1,0
BRDA:359,32,0,3
BRDA:359,32,1,3
BRF:56
BRH:14
end_of_record
TN:
SF:/Users/dsmith/dev/incubator-superset/superset/assets/src/chart/chartReducer.js
FN:38,chartReducer
FN:40,(anonymous_1)
FN:46,(anonymous_2)
FN:54,(anonymous_3)
FN:65,(anonymous_4)
FN:73,(anonymous_5)
FN:76,(anonymous_6)
FN:87,(anonymous_7)
FN:105,(anonymous_8)
FN:119,(anonymous_9)
FN:126,(anonymous_10)
FN:129,(anonymous_11)
FN:132,(anonymous_12)
FN:148,(anonymous_13)
FN:164,(anonymous_14)
FNF:15
FNH:3
FNDA:42,chartReducer
FNDA:0,(anonymous_1)
FNDA:0,(anonymous_2)
FNDA:0,(anonymous_3)
FNDA:1,(anonymous_4)
FNDA:0,(anonymous_5)
FNDA:0,(anonymous_6)
FNDA:1,(anonymous_7)
FNDA:0,(anonymous_8)
FNDA:0,(anonymous_9)
FNDA:0,(anonymous_10)
FNDA:0,(anonymous_11)
FNDA:0,(anonymous_12)
FNDA:0,(anonymous_13)
FNDA:0,(anonymous_14)
DA:24,16
DA:39,42
DA:41,0
DA:47,0
DA:55,0
DA:66,1
DA:74,0
DA:77,0
DA:88,1
DA:106,0
DA:120,0
DA:127,0
DA:130,0
DA:133,0
DA:137,0
DA:139,0
DA:143,0
DA:149,0
DA:153,0
DA:154,0
DA:155,0
DA:156,0
DA:157,0
DA:165,0
DA:166,0
DA:167,0
DA:173,0
DA:174,0
DA:175,0
DA:185,42
DA:186,0
DA:187,0
DA:188,42
DA:189,0
DA:190,0
DA:194,0
DA:195,0
DA:198,42
DA:199,2
DA:205,40
LF:40
LH:9
BRDA:38,0,0,16
BRDA:109,1,0,0
BRDA:109,1,1,0
BRDA:114,2,0,0
BRDA:114,2,1,0
BRDA:133,3,0,0
BRDA:133,3,1,0
BRDA:134,4,0,0
BRDA:134,4,1,0
BRDA:169,5,0,0
BRDA:169,5,1,0
BRDA:185,6,0,0
BRDA:185,6,1,42
BRDA:188,7,0,0
BRDA:188,7,1,42
BRDA:198,8,0,2
BRDA:198,8,1,40
BRF:17
BRH:5
end_of_record
TN:
SF:/Users/dsmith/dev/incubator-superset/superset/assets/src/components/ActionMenuItem.jsx
FN:25,MenuItemContent
FN:54,ActionMenuItem
FN:80,(anonymous_2)
FNF:3
FNH:0
FNDA:0,MenuItemContent
FNDA:0,ActionMenuItem
FNDA:0,(anonymous_2)
DA:26,0
DA:40,0
DA:47,0
DA:63,0
DA:72,0
DA:79,0
LF:6
LH:0
BRDA:28,0,0,0
BRDA:28,0,1,0
BRDA:32,1,0,0
BRDA:32,1,1,0
BRF:4
BRH:0
end_of_record
TN:
SF:/Users/dsmith/dev/incubator-superset/superset/assets/src/components/AlteredSliceTag.jsx
FN:34,alterForComparison
FN:52,(anonymous_1)
FN:58,(anonymous_2)
FN:67,(anonymous_3)
FN:90,(anonymous_4)
FN:94,(anonymous_5)
FN:106,(anonymous_6)
FN:117,(anonymous_7)
FN:128,(anonymous_8)
FN:146,(anonymous_9)
FN:159,(anonymous_10)
FN:172,(anonymous_11)
FNF:12
FNH:12
FNDA:440,alterForComparison
FNDA:28,(anonymous_1)
FNDA:2,(anonymous_2)
FNDA:30,(anonymous_3)
FNDA:220,(anonymous_4)
FNDA:491,(anonymous_5)
FNDA:72,(anonymous_6)
FNDA:70,(anonymous_7)
FNDA:34,(anonymous_8)
FNDA:33,(anonymous_9)
FNDA:29,(anonymous_10)
FNDA:30,(anonymous_11)
DA:29,4
DA:37,440
DA:38,12
DA:39,428
DA:40,309
DA:41,1
DA:43,308
DA:44,308
DA:45,2
DA:48,425
DA:53,28
DA:54,28
DA:55,28
DA:60,2
DA:61,1
DA:63,1
DA:64,1
DA:70,30
DA:71,30
DA:72,30
DA:73,30
DA:74,30
DA:76,241
DA:77,31
DA:80,210
DA:81,0
DA:83,210
DA:84,204
DA:87,30
DA:91,220
DA:97,491
DA:98,2
DA:99,489
DA:100,1
DA:101,488
DA:102,71
DA:103,1
DA:105,70
DA:108,72
DA:111,72
DA:114,417
DA:115,69
DA:116,348
DA:117,70
DA:118,279
DA:119,70
DA:120,209
DA:121,69
DA:122,140
DA:123,71
DA:125,69
DA:129,34
DA:130,34
DA:131,34
DA:132,239
DA:143,34
DA:147,33
DA:160,29
DA:174,30
DA:175,2
DA:180,28
DA:192,4
LF:62
LH:61
BRDA:37,0,0,12
BRDA:37,0,1,428
BRDA:37,1,0,440
BRDA:37,1,1,436
BRDA:37,1,2,432
BRDA:39,2,0,309
BRDA:39,2,1,119
BRDA:40,3,0,1
BRDA:40,3,1,308
BRDA:40,4,0,309
BRDA:40,4,1,241
BRDA:44,5,0,2
BRDA:44,5,1,306
BRDA:44,6,0,308
BRDA:44,6,1,308
BRDA:60,7,0,1
BRDA:60,7,1,1
BRDA:76,8,0,31
BRDA:76,8,1,210
BRDA:76,9,0,241
BRDA:76,9,1,61
BRDA:80,10,0,0
BRDA:80,10,1,210
BRDA:83,11,0,204
BRDA:83,11,1,6
BRDA:97,12,0,2
BRDA:97,12,1,489
BRDA:99,13,0,1
BRDA:99,13,1,488
BRDA:101,14,0,71
BRDA:101,14,1,417
BRDA:101,15,0,488
BRDA:101,15,1,209
BRDA:102,16,0,1
BRDA:102,16,1,70
BRDA:108,17,0,36
BRDA:108,17,1,36
BRDA:108,18,0,72
BRDA:108,18,1,72
BRDA:114,19,0,69
BRDA:114,19,1,348
BRDA:114,20,0,417
BRDA:114,20,1,138
BRDA:116,21,0,69
BRDA:116,21,1,279
BRDA:116,22,0,348
BRDA:116,22,1,69
BRDA:118,23,0,70
BRDA:118,23,1,209
BRDA:119,24,0,35
BRDA:119,24,1,35
BRDA:120,25,0,69
BRDA:120,25,1,140
BRDA:121,26,0,69
BRDA:121,26,1,0
BRDA:122,27,0,71
BRDA:122,27,1,69
BRDA:122,28,0,140
BRDA:122,28,1,139
BRDA:136,29,0,239
BRDA:136,29,1,102
BRDA:136,29,2,137
BRDA:174,30,0,2
BRDA:174,30,1,28
BRF:64
BRH:62
end_of_record
TN:
SF:/Users/dsmith/dev/incubator-superset/superset/assets/src/components/AnchorLink.jsx
FN:43,(anonymous_0)
FN:52,(anonymous_1)
FN:59,(anonymous_2)
FN:63,(anonymous_3)
FN:72,(anonymous_4)
FNF:5
FNH:5
FNDA:68,(anonymous_0)
FNDA:39,(anonymous_1)
FNDA:3,(anonymous_2)
FNDA:1,(anonymous_3)
FNDA:68,(anonymous_4)
DA:27,10
DA:35,10
DA:44,68
DA:45,68
DA:47,68
DA:48,3
DA:53,39
DA:54,39
DA:55,0
DA:60,3
DA:61,3
DA:62,3
DA:63,1
DA:64,1
DA:78,68
DA:79,68
DA:98,10
DA:99,10
LF:18
LH:17
BRDA:47,0,0,3
BRDA:47,0,1,65
BRDA:47,1,0,68
BRDA:47,1,1,3
BRDA:53,2,0,0
BRDA:54,3,0,0
BRDA:54,3,1,39
BRDA:59,4,0,3
BRDA:62,5,0,1
BRDA:62,5,1,2
BRDA:81,6,0,68
BRDA:81,6,1,39
BRF:12
BRH:10
end_of_record
TN:
SF:/Users/dsmith/dev/incubator-superset/superset/assets/src/components/AsyncSelect.jsx
FN:42,(anonymous_0)
FN:46,(anonymous_1)
FN:56,(anonymous_2)
FN:60,(anonymous_3)
FN:64,(anonymous_4)
FN:69,(anonymous_5)
FN:78,(anonymous_6)
FN:79,(anonymous_7)
FN:86,(anonymous_8)
FNF:9
FNH:8
FNDA:0,(anonymous_0)
FNDA:9,(anonymous_1)
FNDA:9,(anonymous_2)
FNDA:1,(anonymous_3)
FNDA:9,(anonymous_4)
FNDA:5,(anonymous_5)
FNDA:4,(anonymous_6)
FNDA:4,(anonymous_7)
FNDA:27,(anonymous_8)
DA:26,37
DA:40,37
DA:47,9
DA:48,9
DA:53,9
DA:57,9
DA:61,1
DA:65,9
DA:66,9
DA:68,9
DA:70,5
DA:72,5
DA:74,5
DA:75,1
DA:79,4
DA:80,4
DA:81,4
DA:87,27
DA:101,37
DA:102,37
LF:20
LH:20
BRDA:70,0,0,5
BRDA:70,0,1,0
BRDA:74,1,0,1
BRDA:74,1,1,4
BRDA:74,2,0,5
BRDA:74,2,1,4
BRDA:74,2,2,1
BRDA:80,3,0,4
BRDA:80,3,1,0
BRDA:80,3,2,0
BRF:10
BRH:7
end_of_record
TN:
SF:/Users/dsmith/dev/incubator-superset/superset/assets/src/components/BootstrapSliderWrapper.jsx
FN:24,BootstrapSliderWrapper
FNF:1
FNH:0
FNDA:0,BootstrapSliderWrapper
DA:25,0
LF:1
LH:0
BRF:0
BRH:0
end_of_record
TN:
SF:/Users/dsmith/dev/incubator-superset/superset/assets/src/components/Button.jsx
FN:39,Button
FNF:1
FNH:1
FNDA:22,Button
DA:28,58
DA:32,58
DA:37,58
DA:40,22
DA:41,22
DA:42,22
DA:43,22
DA:44,22
DA:47,22
DA:49,22
DA:50,12
DA:53,0
DA:54,0
DA:60,12
DA:71,10
DA:74,58
DA:75,58
LF:17
LH:15
BRDA:49,0,0,12
BRDA:49,0,1,10
BRDA:50,1,0,0
BRDA:50,1,1,12
BRF:4
BRH:3
end_of_record
TN:
SF:/Users/dsmith/dev/incubator-superset/superset/assets/src/components/CachedLabel.jsx
FN:33,(anonymous_0)
FN:41,(anonymous_1)
FN:59,(anonymous_2)
FN:64,(anonymous_3)
FN:68,(anonymous_4)
FNF:5
FNH:2
FNDA:1,(anonymous_0)
FNDA:0,(anonymous_1)
FNDA:0,(anonymous_2)
FNDA:0,(anonymous_3)
FNDA:1,(anonymous_4)
DA:26,4
DA:34,1
DA:35,1
DA:42,0
DA:52,0
DA:56,0
DA:60,0
DA:61,0
DA:65,0
DA:69,1
DA:70,1
DA:86,4
LF:12
LH:6
BRDA:42,0,0,0
BRDA:42,0,1,0
BRDA:69,1,0,0
BRDA:69,1,1,1
BRF:4
BRH:1
end_of_record
TN:
SF:/Users/dsmith/dev/incubator-superset/superset/assets/src/components/ChartIcon.jsx
FN:21,(anonymous_0)
FNF:1
FNH:0
FNDA:0,(anonymous_0)
DA:21,3
DA:22,0
LF:2
LH:1
BRF:0
BRH:0
end_of_record
TN:
SF:/Users/dsmith/dev/incubator-superset/superset/assets/src/components/Checkbox.jsx
FN:28,Checkbox
FN:35,(anonymous_1)
FNF:2
FNH:2
FNDA:7,Checkbox
FNDA:1,(anonymous_1)
DA:22,34
DA:29,7
DA:36,1
DA:47,34
LF:4
LH:4
BRDA:33,0,0,4
BRDA:33,0,1,3
BRF:2
BRH:2
end_of_record
TN:
SF:/Users/dsmith/dev/incubator-superset/superset/assets/src/components/CheckboxIcons.jsx
FN:21,(anonymous_0)
FN:37,(anonymous_1)
FN:53,(anonymous_2)
FNF:3
FNH:0
FNDA:0,(anonymous_0)
FNDA:0,(anonymous_1)
FNDA:0,(anonymous_2)
DA:21,3
DA:22,0
DA:37,3
DA:38,0
DA:53,3
DA:54,0
LF:6
LH:3
BRF:0
BRH:0
end_of_record
TN:
SF:/Users/dsmith/dev/incubator-superset/superset/assets/src/components/ColumnOption.jsx
FN:33,ColumnOption
FNF:1
FNH:1
FNDA:15,ColumnOption
DA:25,47
DA:29,47
DA:35,15
DA:37,15
DA:38,15
DA:39,1
DA:40,14
DA:41,12
DA:44,15
DA:69,47
DA:70,47
LF:11
LH:11
BRDA:35,0,0,15
BRDA:35,0,1,13
BRDA:38,1,0,1
BRDA:38,1,1,14
BRDA:40,2,0,12
BRDA:40,2,1,2
BRDA:46,3,0,15
BRDA:46,3,1,4
BRDA:46,3,2,3
BRDA:48,4,0,15
BRDA:48,4,1,9
BRDA:50,5,0,15
BRDA:50,5,1,4
BRDA:58,6,0,15
BRDA:58,6,1,13
BRF:15
BRH:15
end_of_record
TN:
SF:/Users/dsmith/dev/incubator-superset/superset/assets/src/components/ColumnTypeLabel.jsx
FN:26,ColumnTypeLabel
FNF:1
FNH:1
FNDA:6,ColumnTypeLabel
DA:22,51
DA:27,6
DA:28,6
DA:29,0
DA:30,6
DA:31,1
DA:32,5
DA:33,0
DA:34,5
DA:39,1
DA:40,4
DA:46,1
DA:47,3
DA:48,1
DA:49,2
DA:50,1
DA:51,1
DA:52,1
DA:56,6
DA:62,6
DA:64,51
LF:21
LH:19
BRDA:28,0,0,0
BRDA:28,0,1,6
BRDA:30,1,0,1
BRDA:30,1,1,5
BRDA:30,2,0,6
BRDA:30,2,1,6
BRDA:32,3,0,0
BRDA:32,3,1,5
BRDA:34,4,0,1
BRDA:34,4,1,4
BRDA:35,5,0,5
BRDA:35,5,1,5
BRDA:35,5,2,4
BRDA:40,6,0,1
BRDA:40,6,1,3
BRDA:41,7,0,4
BRDA:41,7,1,3
BRDA:41,7,2,3
BRDA:41,7,3,3
BRDA:47,8,0,1
BRDA:47,8,1,2
BRDA:49,9,0,1
BRDA:49,9,1,1
BRDA:51,10,0,1
BRDA:51,10,1,0
BRDA:56,11,0,1
BRDA:56,11,1,5
BRF:27
BRH:24
end_of_record
TN:
SF:/Users/dsmith/dev/incubator-superset/superset/assets/src/components/CopyToClipboard.jsx
FN:37,(anonymous_0)
FN:45,(anonymous_1)
FN:58,(anonymous_2)
FN:63,(anonymous_3)
FN:65,(anonymous_4)
FN:73,(anonymous_5)
FN:77,(anonymous_6)
FN:112,(anonymous_7)
FN:119,(anonymous_8)
FN:136,(anonymous_9)
FN:159,(anonymous_10)
[...]
DA:66,0
DA:67,0
DA:68,0
DA:69,0
DA:70,0
DA:71,0
DA:73,0
DA:74,0
DA:77,0
DA:128,0
LF:56
LH:0
BRF:0
BRH:0
end_of_record
TN:
SF:/Users/dsmith/dev/incubator-superset/superset/assets/src/setup/setupPluginsExtra.js
FN:21,setupPluginsExtra
FNF:1
FNH:0
FNDA:0,setupPluginsExtra
LF:0
LH:0
BRF:0
BRH:0
end_of_record
TN:
SF:/Users/dsmith/dev/incubator-superset/superset/assets/src/showSavedQuery/index.jsx
FNF:0
FNH:0
DA:25,0
DA:26,0
DA:29,0
DA:30,0
DA:31,0
DA:32,0
DA:34,0
DA:36,0
DA:38,0
LF:9
LH:0
BRDA:32,0,0,0
BRDA:32,0,1,0
BRDA:34,1,0,0
BRDA:34,1,1,0
BRDA:34,2,0,0
BRDA:34,2,1,0
BRDA:48,3,0,0
BRDA:48,3,1,0
BRF:8
BRH:0
end_of_record
TN:
SF:/Users/dsmith/dev/incubator-superset/superset/assets/src/showSavedQuery/utils.js
FN:20,getNestedValue
FN:36,interpolate
FN:43,(anonymous_2)
FNF:3
FNH:3
FNDA:9,getNestedValue
FNDA:2,interpolate
FNDA:2,(anonymous_2)
DA:27,9
DA:28,9
DA:29,5
DA:31,4
DA:32,4
DA:33,4
DA:43,2
LF:7
LH:7
BRDA:20,0,0,4
BRDA:28,1,0,5
BRDA:28,1,1,4
BRF:3
BRH:3
end_of_record
TN:
SF:/Users/dsmith/dev/incubator-superset/superset/assets/src/types/react-table.d.ts
FNF:0
FNH:0
LF:0
LH:0
BRF:0
BRH:0
end_of_record
TN:
SF:/Users/dsmith/dev/incubator-superset/superset/assets/src/utils/DebouncedMessageQueue.js
FN:22,(anonymous_0)
FN:23,(anonymous_1)
FN:34,(anonymous_2)
FN:38,(anonymous_3)
FNF:4
FNH:3
FNDA:1,(anonymous_0)
FNDA:0,(anonymous_1)
FNDA:5,(anonymous_2)
FNDA:3,(anonymous_3)
DA:27,1
DA:28,1
DA:29,1
DA:31,1
DA:32,1
DA:35,5
DA:36,5
DA:39,3
DA:40,3
DA:41,3
DA:44,3
DA:45,0
LF:12
LH:11
BRDA:23,0,0,0
BRDA:24,1,0,0
BRDA:25,2,0,0
BRDA:39,3,0,3
BRDA:39,3,1,0
BRDA:44,4,0,0
BRDA:44,4,1,3
BRF:7
BRH:2
end_of_record
TN:
SF:/Users/dsmith/dev/incubator-superset/superset/assets/src/utils/common.js
FN:28,getParamFromQuery
FN:39,storeQuery
FN:43,(anonymous_2)
FN:50,getParamsFromUrl
FN:54,(anonymous_4)
FN:62,getShortUrl
FN:69,(anonymous_6)
FN:70,(anonymous_7)
FN:71,(anonymous_8)
FN:77,supersetURL
FN:83,optionLabel
FN:98,optionValue
FN:105,optionFromValue
FN:110,prepareCopyToClipboardTabularData
FNF:14
FNH:10
FNDA:0,getParamFromQuery
FNDA:2,storeQuery
FNDA:1,(anonymous_2)
FNDA:0,getParamsFromUrl
FNDA:0,(anonymous_4)
FNDA:1,getShortUrl
FNDA:0,(anonymous_6)
FNDA:1,(anonymous_7)
FNDA:1,(anonymous_8)
FNDA:4,supersetURL
FNDA:6,optionLabel
FNDA:6,optionValue
FNDA:6,optionFromValue
FNDA:7,prepareCopyToClipboardTabularData
DA:26,30
DA:29,0
DA:30,0
DA:31,0
DA:32,0
DA:33,0
DA:36,0
DA:40,2
DA:44,1
DA:45,1
DA:46,1
DA:51,0
DA:52,0
DA:53,0
DA:54,0
DA:55,0
DA:56,0
DA:57,0
DA:59,0
DA:63,1
DA:69,0
DA:71,1
DA:72,1
DA:78,4
DA:79,4
DA:80,4
DA:84,6
DA:85,1
DA:86,5
DA:87,1
DA:88,4
DA:89,1
DA:90,3
DA:91,1
DA:92,2
DA:93,1
DA:95,1
DA:99,6
DA:100,1
DA:102,5
DA:107,6
DA:111,7
DA:112,7
DA:113,11
DA:115,7
LF:45
LH:30
BRDA:32,0,0,0
BRDA:32,0,1,0
BRDA:72,1,0,1
BRDA:72,1,1,0
BRDA:77,2,0,4
BRDA:84,3,0,1
BRDA:84,3,1,5
BRDA:86,4,0,1
BRDA:86,4,1,4
BRDA:88,5,0,1
BRDA:88,5,1,3
BRDA:90,6,0,1
BRDA:90,6,1,2
BRDA:92,7,0,1
BRDA:92,7,1,1
BRDA:92,8,0,2
BRDA:92,8,1,1
BRDA:99,9,0,1
BRDA:99,9,1,5
BRF:19
BRH:16
end_of_record
TN:
SF:/Users/dsmith/dev/incubator-superset/superset/assets/src/utils/errorMessages.js
FNF:0
FNH:0
DA:20,62
LF:1
LH:1
BRF:0
BRH:0
end_of_record
TN:
SF:/Users/dsmith/dev/incubator-superset/superset/assets/src/utils/getClientErrorObject.js
FN:22,getClientErrorObject
FN:25,(anonymous_1)
FN:38,(anonymous_2)
FN:60,(anonymous_3)
FN:62,(anonymous_4)
FNF:5
FNH:5
FNDA:15,getClientErrorObject
FNDA:15,(anonymous_1)
FNDA:1,(anonymous_2)
FNDA:1,(anonymous_3)
FNDA:1,(anonymous_4)
DA:25,15
DA:26,15
DA:27,5
DA:28,10
DA:35,2
DA:39,1
DA:40,1
DA:41,0
DA:49,1
DA:53,0
DA:58,1
DA:62,1
DA:63,1
DA:68,8
LF:14
LH:12
BRDA:26,0,0,5
BRDA:26,0,1,10
BRDA:28,1,0,2
BRDA:28,1,1,8
BRDA:29,2,0,10
BRDA:29,2,1,10
BRDA:29,2,2,2
BRDA:40,3,0,0
BRDA:40,3,1,1
BRDA:45,4,0,0
BRDA:45,4,1,0
BRDA:49,5,0,0
BRDA:49,5,1,1
BRDA:50,6,0,1
BRDA:50,6,1,0
BRDA:70,7,0,8
BRDA:70,7,1,7
BRF:17
BRH:12
end_of_record
TN:
SF:/Users/dsmith/dev/incubator-superset/superset/assets/src/utils/hostNamesConfig.js
FN:19,getDomainsConfig
FN:33,(anonymous_1)
FNF:2
FNH:1
FNDA:44,getDomainsConfig
FNDA:0,(anonymous_1)
DA:20,44
DA:21,44
DA:22,44
DA:25,0
DA:26,0
DA:27,0
DA:33,0
DA:34,0
DA:37,0
DA:40,44
DA:42,44
LF:11
LH:5
BRDA:21,0,0,44
BRDA:21,0,1,0
BRDA:27,1,0,0
BRDA:27,1,1,0
BRDA:28,2,0,0
BRDA:28,2,1,0
BRDA:28,2,2,0
BRDA:28,2,3,0
BRF:8
BRH:1
end_of_record
TN:
SF:/Users/dsmith/dev/incubator-superset/superset/assets/src/utils/reducerUtils.js
FN:21,addToObject
FN:32,alterInObject
FN:38,alterInArr
FN:43,(anonymous_3)
FN:53,removeFromArr
FN:55,(anonymous_5)
FN:63,addToArr
FNF:7
FNH:0
FNDA:0,addToObject
FNDA:0,alterInObject
FNDA:0,alterInArr
FNDA:0,(anonymous_3)
FNDA:0,removeFromArr
FNDA:0,(anonymous_5)
FNDA:0,addToArr
DA:22,0
DA:23,0
DA:25,0
DA:26,0
DA:28,0
DA:29,0
DA:33,0
DA:34,0
DA:35,0
DA:41,0
DA:42,0
DA:43,0
DA:44,0
DA:45,0
DA:47,0
DA:50,0
DA:54,0
DA:55,0
DA:56,0
DA:57,0
DA:60,0
DA:64,0
DA:65,0
DA:66,0
DA:68,0
DA:69,0
DA:70,0
LF:27
LH:0
BRDA:25,0,0,0
BRDA:25,0,1,0
BRDA:44,1,0,0
BRDA:44,1,1,0
BRDA:53,2,0,0
BRDA:56,3,0,0
BRDA:56,3,1,0
BRDA:65,4,0,0
BRDA:65,4,1,0
BRF:9
BRH:0
end_of_record
TN:
SF:/Users/dsmith/dev/incubator-superset/superset/assets/src/utils/safeStringify.ts
FN:26,safeStringify
FN:28,(anonymous_1)
FNF:2
FNH:2
FNDA:154,safeStringify
FNDA:669,(anonymous_1)
DA:26,47
DA:27,154
DA:28,154
DA:29,669
DA:30,249
DA:32,4
DA:34,4
DA:37,2
DA:41,245
DA:43,665
LF:10
LH:10
BRDA:29,0,0,249
BRDA:29,0,1,420
BRDA:29,1,0,669
BRDA:29,1,1,249
BRDA:30,2,0,4
BRDA:30,2,1,245
BRF:6
BRH:6
end_of_record
TN:
SF:/Users/dsmith/dev/incubator-superset/superset/assets/src/views/dashboardList/DashboardList.tsx
FN:49,(anonymous_0)
FN:78,DashboardList
FN:83,(anonymous_2)
FN:86,(anonymous_3)
FN:97,(anonymous_4)
FN:107,(anonymous_5)
FN:119,(anonymous_6)
FN:131,(anonymous_7)
FN:132,(anonymous_8)
FN:133,(anonymous_9)
FN:167,(anonymous_10)
FN:172,(anonymous_11)
FN:175,(anonymous_12)
FN:179,(anonymous_13)
FN:186,(anonymous_14)
FN:191,(anonymous_15)
FN:192,(anonymous_16)
FN:199,(anonymous_17)
FN:206,(anonymous_18)
FN:210,(anonymous_19)
FN:217,(anonymous_20)
FN:234,(anonymous_21)
FN:237,(anonymous_22)
FN:242,(anonymous_23)
FN:51,(anonymous_24)
FN:55,(anonymous_25)
FN:248,(anonymous_26)
FN:252,(anonymous_27)
FN:257,(anonymous_28)
FNF:29
FNH:4
FNDA:1,(anonymous_0)
FNDA:1,DashboardList
FNDA:1,(anonymous_2)
FNDA:0,(anonymous_3)
FNDA:0,(anonymous_4)
FNDA:0,(anonymous_5)
FNDA:0,(anonymous_6)
FNDA:0,(anonymous_7)
FNDA:0,(anonymous_8)
FNDA:0,(anonymous_9)
FNDA:0,(anonymous_10)
FNDA:0,(anonymous_11)
FNDA:0,(anonymous_12)
FNDA:0,(anonymous_13)
FNDA:0,(anonymous_14)
FNDA:0,(anonymous_15)
FNDA:0,(anonymous_16)
FNDA:0,(anonymous_17)
FNDA:0,(anonymous_18)
FNDA:0,(anonymous_19)
FNDA:0,(anonymous_20)
FNDA:0,(anonymous_21)
FNDA:0,(anonymous_22)
FNDA:0,(anonymous_23)
FNDA:0,(anonymous_24)
FNDA:0,(anonymous_25)
FNDA:0,(anonymous_26)
FNDA:0,(anonymous_27)
FNDA:1,(anonymous_28)
DA:19,1
DA:20,1
DA:21,1
DA:22,1
DA:23,1
DA:25,1
DA:26,1
DA:29,1
DA:31,1
DA:33,1
DA:49,1
DA:51,1
DA:52,0
DA:55,1
DA:56,0
DA:59,1
DA:63,1
DA:74,1
DA:76,1
DA:79,1
DA:80,1
DA:83,1
DA:84,1
DA:88,0
DA:90,0
DA:99,0
DA:101,0
DA:109,0
DA:111,0
DA:121,0
DA:123,0
DA:131,0
DA:132,0
DA:133,0
DA:134,0
DA:135,0
DA:138,0
DA:167,1
DA:168,0
DA:169,0
DA:172,0
DA:175,1
DA:176,0
DA:179,1
DA:180,0
DA:186,1
DA:187,0
DA:188,0
DA:192,0
DA:193,0
DA:200,0
DA:201,0
DA:206,1
DA:207,0
DA:210,1
DA:211,0
DA:212,0
DA:213,0
DA:214,0
DA:216,0
DA:217,0
DA:223,0
DA:231,0
DA:234,0
DA:235,0
DA:238,0
DA:243,0
DA:244,0
DA:248,1
DA:249,0
DA:252,0
DA:253,0
DA:257,1
DA:258,1
DA:259,1
DA:292,1
DA:294,1
LF:77
LH:33
BRDA:79,0,0,1
BRDA:79,0,1,1
BRDA:91,1,0,1
BRDA:91,1,1,1
BRDA:102,2,0,1
BRDA:102,2,1,1
BRDA:112,3,0,0
BRDA:112,3,1,0
BRDA:114,4,0,1
BRDA:114,4,1,1
BRDA:126,5,0,1
BRDA:126,5,1,1
BRDA:134,6,0,0
BRDA:134,6,1,0
BRDA:134,7,0,0
BRDA:134,7,1,0
BRDA:139,8,0,0
BRDA:139,8,1,0
BRDA:139,9,0,0
BRDA:139,9,1,0
BRDA:140,10,0,0
BRDA:140,10,1,0
BRDA:149,11,0,0
BRDA:149,11,1,0
BRDA:168,12,0,0
BRDA:168,12,1,0
BRDA:225,13,0,0
BRDA:225,13,1,0
BRDA:228,14,0,0
BRDA:228,14,1,0
BRDA:234,15,0,0
BRDA:234,15,1,0
BRDA:252,16,0,0
BRDA:252,16,1,0
BRF:34
BRH:10
end_of_record
TN:
SF:/Users/dsmith/dev/incubator-superset/superset/assets/src/visualizations/constants.js
FNF:0
FNH:0
DA:19,0
LF:1
LH:0
BRF:0
BRH:0
end_of_record
TN:
SF:/Users/dsmith/dev/incubator-superset/superset/assets/src/visualizations/FilterBox/FilterBox.jsx
FN:83,(anonymous_0)
FN:84,(anonymous_1)
FN:85,(anonymous_2)
FN:95,(anonymous_3)
FN:113,(anonymous_4)
FN:117,(anonymous_5)
FN:121,(anonymous_6)
FN:133,(anonymous_7)
FN:135,(anonymous_8)
FN:140,(anonymous_9)
FN:145,(anonymous_10)
FN:157,(anonymous_11)
FN:164,(anonymous_12)
FN:176,(anonymous_13)
FN:190,(anonymous_14)
FN:209,(anonymous_15)
FN:220,(anonymous_16)
FN:228,(anonymous_17)
FN:236,(anonymous_18)
FN:238,(anonymous_19)
FN:240,(anonymous_20)
FN:245,(anonymous_21)
FN:246,(anonymous_22)
FN:257,(anonymous_23)
FN:276,(anonymous_24)
FN:287,(anonymous_25)
FN:292,(anonymous_26)
FN:298,(anonymous_27)
FN:304,(anonymous_28)
FN:306,(anonymous_29)
FN:320,(anonymous_30)
FN:332,(anonymous_31)
FNF:32
FNH:0
FNDA:0,(anonymous_0)
FNDA:0,(anonymous_1)
FNDA:0,(anonymous_2)
FNDA:0,(anonymous_3)
FNDA:0,(anonymous_4)
FNDA:0,(anonymous_5)
FNDA:0,(anonymous_6)
FNDA:0,(anonymous_7)
FNDA:0,(anonymous_8)
FNDA:0,(anonymous_9)
FNDA:0,(anonymous_10)
FNDA:0,(anonymous_11)
FNDA:0,(anonymous_12)
FNDA:0,(anonymous_13)
FNDA:0,(anonymous_14)
FNDA:0,(anonymous_15)
FNDA:0,(anonymous_16)
FNDA:0,(anonymous_17)
FNDA:0,(anonymous_18)
FNDA:0,(anonymous_19)
FNDA:0,(anonymous_20)
FNDA:0,(anonymous_21)
FNDA:0,(anonymous_22)
FNDA:0,(anonymous_23)
FNDA:0,(anonymous_24)
FNDA:0,(anonymous_25)
FNDA:0,(anonymous_26)
FNDA:0,(anonymous_27)
FNDA:0,(anonymous_28)
FNDA:0,(anonymous_29)
FNDA:0,(anonymous_30)
FNDA:0,(anonymous_31)
DA:40,25
DA:49,25
DA:51,25
DA:81,25
DA:96,0
DA:97,0
DA:102,0
DA:103,0
DA:104,0
DA:105,0
DA:106,0
DA:107,0
DA:114,0
DA:118,0
DA:122,0
DA:123,0
DA:129,0
DA:130,0
DA:134,0
DA:135,0
DA:136,0
DA:141,0
DA:142,0
DA:143,0
DA:144,0
DA:145,0
DA:146,0
DA:147,0
DA:149,0
DA:152,0
DA:157,0
DA:158,0
DA:159,0
DA:165,0
DA:166,0
DA:167,0
DA:168,0
DA:177,0
DA:187,0
DA:196,0
DA:197,0
DA:198,0
DA:199,0
DA:200,0
DA:201,0
DA:202,0
DA:203,0
DA:204,0
DA:205,0
DA:210,0
DA:215,0
DA:216,0
DA:221,0
DA:226,0
DA:229,0
DA:230,0
DA:234,0
DA:236,0
DA:239,0
DA:240,0
DA:241,0
DA:244,0
DA:245,0
DA:247,0
DA:255,0
DA:256,0
DA:257,0
DA:258,0
DA:261,0
DA:262,0
DA:264,0
DA:266,0
DA:269,0
DA:277,0
DA:279,0
DA:281,0
DA:285,0
DA:288,0
DA:293,0
DA:298,0
DA:305,0
DA:306,0
DA:307,0
DA:308,0
DA:321,0
DA:322,0
DA:323,0
DA:325,0
DA:333,0
DA:335,0
DA:357,25
DA:358,25
LF:92
LH:6
BRDA:130,0,0,0
BRDA:130,0,1,0
BRDA:141,1,0,0
BRDA:141,1,1,0
BRDA:143,2,0,0
BRDA:143,2,1,0
BRDA:144,3,0,0
BRDA:144,3,1,0
BRDA:146,4,0,0
BRDA:146,4,1,0
BRDA:158,5,0,0
BRDA:158,5,1,0
BRDA:167,6,0,0
BRDA:167,6,1,0
BRDA:181,7,0,0
BRDA:181,7,1,0
BRDA:200,8,0,0
BRDA:200,8,1,0
BRDA:201,9,0,0
BRDA:201,9,1,0
BRDA:202,10,0,0
BRDA:202,10,1,0
BRDA:203,11,0,0
BRDA:203,11,1,0
BRDA:204,12,0,0
BRDA:204,12,1,0
BRDA:215,13,0,0
BRDA:215,13,1,0
BRDA:236,14,0,0
BRDA:236,14,1,0
BRDA:239,15,0,0
BRDA:239,15,1,0
BRDA:241,16,0,0
BRDA:241,16,1,0
BRDA:258,17,0,0
BRDA:258,17,1,0
BRDA:261,18,0,0
BRDA:261,18,1,0
BRDA:261,19,0,0
BRDA:261,19,1,0
BRDA:262,20,0,0
BRDA:262,20,1,0
BRDA:341,21,0,0
BRDA:341,21,1,0
BRF:44
BRH:0
end_of_record
TN:
SF:/Users/dsmith/dev/incubator-superset/superset/assets/src/visualizations/FilterBox/FilterBoxChartPlugin.js
FN:32,(anonymous_0)
FN:36,(anonymous_1)
FNF:2
FNH:0
FNDA:0,(anonymous_0)
FNDA:0,(anonymous_1)
DA:24,0
DA:33,0
DA:36,0
LF:3
LH:0
BRF:0
BRH:0
end_of_record
TN:
SF:/Users/dsmith/dev/incubator-superset/superset/assets/src/visualizations/FilterBox/transformProps.js
FN:19,(anonymous_0)
FN:21,transformProps
FN:47,(anonymous_2)
FNF:3
FNH:0
FNDA:0,(anonymous_0)
FNDA:0,transformProps
FNDA:0,(anonymous_2)
DA:19,0
DA:29,0
DA:34,0
DA:43,0
DA:44,0
DA:45,0
DA:47,0
DA:53,0
LF:8
LH:0
BRDA:31,0,0,0
BRDA:32,1,0,0
BRDA:33,2,0,0
BRDA:45,3,0,0
BRDA:45,3,1,0
BRDA:50,4,0,0
BRDA:50,4,1,0
BRDA:50,4,2,0
BRDA:62,5,0,0
BRDA:62,5,1,0
BRF:10
BRH:0
end_of_record
TN:
SF:/Users/dsmith/dev/incubator-superset/superset/assets/src/visualizations/TimeTable/FormattedNumber.jsx
FN:33,FormattedNumber
FNF:1
FNH:0
FNDA:0,FormattedNumber
DA:23,0
DA:28,0
DA:34,0
DA:35,0
DA:37,0
DA:40,0
DA:41,0
LF:7
LH:0
BRDA:34,0,0,0
BRDA:34,0,1,0
BRF:2
BRH:0
end_of_record
TN:
SF:/Users/dsmith/dev/incubator-superset/superset/assets/src/visualizations/TimeTable/SparklineCell.jsx
FN:51,(anonymous_0)
FN:69,getSparklineTextWidth
FN:82,isValidBoundValue
FN:92,(anonymous_3)
FN:97,(anonymous_4)
FN:105,(anonymous_5)
FN:142,(anonymous_6)
FN:145,(anonymous_7)
FN:166,(anonymous_8)
FNF:9
FNH:0
FNDA:0,(anonymous_0)
FNDA:0,getSparklineTextWidth
FNDA:0,isValidBoundValue
FNDA:0,(anonymous_3)
FNDA:0,(anonymous_4)
FNDA:0,(anonymous_5)
FNDA:0,(anonymous_6)
FNDA:0,(anonymous_7)
FNDA:0,(anonymous_8)
DA:32,0
DA:43,0
DA:52,0
DA:56,0
DA:62,0
DA:70,0
DA:83,0
DA:93,0
DA:97,0
DA:115,0
DA:117,0
DA:118,0
DA:119,0
DA:121,0
DA:122,0
DA:123,0
DA:124,0
DA:125,0
DA:127,0
DA:128,0
DA:129,0
DA:137,0
DA:138,0
DA:139,0
DA:140,0
DA:142,0
DA:143,0
DA:145,0
DA:147,0
DA:148,0
DA:149,0
DA:155,0
DA:160,0
DA:167,0
DA:201,0
DA:202,0
LF:36
LH:0
BRDA:84,0,0,0
BRDA:84,0,1,0
BRDA:84,0,2,0
BRDA:84,0,3,0
BRDA:121,1,0,0
BRDA:121,1,1,0
BRDA:124,2,0,0
BRDA:124,2,1,0
BRDA:128,3,0,0
BRDA:128,3,1,0
BRDA:138,4,0,0
BRDA:138,4,1,0
BRDA:140,5,0,0
BRDA:140,5,1,0
BRDA:143,6,0,0
BRDA:143,6,1,0
BRDA:177,7,0,0
BRDA:177,7,1,0
BRDA:178,8,0,0
BRDA:178,8,1,0
BRDA:180,9,0,0
BRDA:180,9,1,0
BRDA:187,10,0,0
BRDA:187,10,1,0
BRF:24
BRH:0
end_of_record
TN:
SF:/Users/dsmith/dev/incubator-superset/superset/assets/src/visualizations/TimeTable/TimeTable.jsx
FN:36,colorFromBounds
FN:90,(anonymous_1)
FN:118,(anonymous_2)
FN:132,(anonymous_3)
FN:149,(anonymous_4)
FN:165,(anonymous_5)
FN:191,(anonymous_6)
FN:192,(anonymous_7)
FN:197,(anonymous_8)
FN:198,(anonymous_9)
FN:226,(anonymous_10)
FN:236,(anonymous_11)
FN:245,(anonymous_12)
FN:257,(anonymous_13)
FN:274,(anonymous_14)
FN:278,(anonymous_15)
FN:295,(anonymous_16)
FNF:17
FNH:0
FNDA:0,colorFromBounds
FNDA:0,(anonymous_1)
FNDA:0,(anonymous_2)
FNDA:0,(anonymous_3)
FNDA:0,(anonymous_4)
FNDA:0,(anonymous_5)
FNDA:0,(anonymous_6)
FNDA:0,(anonymous_7)
FNDA:0,(anonymous_8)
FNDA:0,(anonymous_9)
FNDA:0,(anonymous_10)
FNDA:0,(anonymous_11)
FNDA:0,(anonymous_12)
FNDA:0,(anonymous_13)
FNDA:0,(anonymous_14)
FNDA:0,(anonymous_15)
FNDA:0,(anonymous_16)
DA:34,0
DA:37,0
DA:38,0
DA:39,0
DA:40,0
DA:41,0
DA:44,0
DA:45,0
DA:46,0
DA:47,0
DA:48,0
DA:51,0
DA:54,0
DA:83,0
DA:91,0
DA:92,0
DA:93,0
DA:95,0
DA:96,0
DA:97,0
DA:98,0
DA:104,0
DA:107,0
DA:108,0
DA:120,0
DA:122,0
DA:123,0
DA:124,0
DA:125,0
DA:126,0
DA:128,0
DA:132,0
DA:135,0
DA:150,0
DA:166,0
DA:169,0
DA:171,0
DA:172,0
DA:173,0
DA:174,0
DA:176,0
DA:178,0
DA:179,0
DA:180,0
DA:181,0
DA:182,0
DA:183,0
DA:185,0
DA:186,0
DA:188,0
DA:191,0
DA:192,0
DA:193,0
DA:195,0
DA:197,0
DA:198,0
DA:201,0
DA:203,0
DA:227,0
DA:228,0
DA:229,0
DA:231,0
DA:237,0
DA:253,0
DA:255,0
DA:257,0
DA:258,0
DA:261,0
DA:268,0
DA:274,0
DA:279,0
DA:295,0
DA:302,0
DA:303,0
LF:74
LH:0
BRDA:36,0,0,0
BRDA:37,1,0,0
BRDA:37,1,1,0
BRDA:40,2,0,0
BRDA:40,2,1,0
BRDA:40,3,0,0
BRDA:40,3,1,0
BRDA:45,4,0,0
BRDA:45,4,1,0
BRDA:46,5,0,0
BRDA:46,5,1,0
BRDA:47,6,0,0
BRDA:47,6,1,0
BRDA:48,7,0,0
BRDA:48,7,1,0
BRDA:93,8,0,0
BRDA:93,8,1,0
BRDA:95,9,0,0
BRDA:95,9,1,0
BRDA:97,10,0,0
BRDA:97,10,1,0
BRDA:120,11,0,0
BRDA:120,11,1,0
BRDA:125,12,0,0
BRDA:125,12,1,0
BRDA:125,13,0,0
BRDA:125,13,1,0
BRDA:142,14,0,0
BRDA:142,14,1,0
BRDA:143,15,0,0
BRDA:143,15,1,0
BRDA:169,16,0,0
BRDA:169,16,1,0
BRDA:171,17,0,0
BRDA:171,17,1,0
BRDA:173,18,0,0
BRDA:173,18,1,0
BRDA:178,19,0,0
BRDA:178,19,1,0
BRDA:180,20,0,0
BRDA:180,20,1,0
BRDA:182,21,0,0
BRDA:182,21,1,0
BRDA:185,22,0,0
BRDA:185,22,1,0
BRDA:186,23,0,0
BRDA:186,23,1,0
BRDA:191,24,0,0
BRDA:191,24,1,0
BRDA:193,25,0,0
BRDA:193,25,1,0
BRDA:197,26,0,0
BRDA:197,26,1,0
BRDA:209,27,0,0
BRDA:209,27,1,0
BRDA:215,28,0,0
BRDA:215,28,1,0
BRDA:228,29,0,0
BRDA:228,29,1,0
BRDA:237,30,0,0
BRDA:237,30,1,0
BRDA:261,31,0,0
BRDA:261,31,1,0
BRDA:261,32,0,0
BRDA:261,32,1,0
BRDA:282,33,0,0
BRDA:282,33,1,0
BRDA:285,34,0,0
BRDA:285,34,1,0
BRF:69
BRH:0
end_of_record
TN:
SF:/Users/dsmith/dev/incubator-superset/superset/assets/src/visualizations/TimeTable/TimeTableChartPlugin.js
FN:31,(anonymous_0)
FN:35,(anonymous_1)
FNF:2
FNH:0
FNDA:0,(anonymous_0)
FNDA:0,(anonymous_1)
DA:24,0
DA:32,0
DA:35,0
LF:3
LH:0
BRF:0
BRH:0
end_of_record
TN:
SF:/Users/dsmith/dev/incubator-superset/superset/assets/src/visualizations/TimeTable/transformProps.js
FN:19,transformProps
FN:31,(anonymous_1)
FN:35,(anonymous_2)
FN:41,(anonymous_3)
FN:47,(anonymous_4)
FNF:5
FNH:0
FNDA:0,transformProps
FNDA:0,(anonymous_1)
FNDA:0,(anonymous_2)
FNDA:0,(anonymous_3)
FNDA:0,(anonymous_4)
DA:20,0
DA:21,0
DA:22,0
DA:23,0
DA:30,0
DA:31,0
DA:32,0
DA:35,0
DA:36,0
DA:37,0
DA:38,0
DA:41,0
DA:42,0
DA:47,0
DA:48,0
DA:49,0
DA:50,0
DA:54,0
LF:18
LH:0
BRDA:21,0,0,0
BRDA:30,1,0,0
BRDA:30,1,1,0
BRDA:32,2,0,0
BRDA:32,2,1,0
BRDA:42,3,0,0
BRDA:42,3,1,0
BRDA:49,4,0,0
BRDA:49,4,1,0
BRDA:49,5,0,0
BRDA:49,5,1,0
BRDA:49,5,2,0
BRDA:59,6,0,0
BRDA:59,6,1,0
BRF:14
BRH:0
end_of_record
TN:
SF:/Users/dsmith/dev/incubator-superset/superset/assets/src/visualizations/presets/MainPreset.js
FN:72,(anonymous_0)
FNF:1
FNH:0
FNDA:0,(anonymous_0)
DA:73,0
LF:1
LH:0
BRF:0
BRH:0
end_of_record
TN:
SF:/Users/dsmith/dev/incubator-superset/superset/assets/src/welcome/App.jsx
FN:50,(anonymous_0)
FNF:1
FNH:0
FNDA:0,(anonymous_0)
DA:35,0
DA:37,0
DA:38,0
DA:39,0
DA:40,0
DA:42,0
DA:50,0
DA:51,0
LF:8
LH:0
BRF:0
BRH:0
end_of_record
TN:
SF:/Users/dsmith/dev/incubator-superset/superset/assets/src/welcome/DashboardTable.jsx
FN:42,(anonymous_0)
FN:58,(anonymous_1)
FN:68,(anonymous_2)
FN:78,(anonymous_3)
FN:88,(anonymous_4)
FN:91,(anonymous_5)
FN:119,(anonymous_6)
FN:122,(anonymous_7)
FN:135,(anonymous_8)
FN:140,(anonymous_9)
FNF:10
FNH:1
FNDA:0,(anonymous_0)
FNDA:0,(anonymous_1)
FNDA:0,(anonymous_2)
FNDA:0,(anonymous_3)
FNDA:0,(anonymous_4)
FNDA:0,(anonymous_5)
FNDA:0,(anonymous_6)
FNDA:0,(anonymous_7)
FNDA:0,(anonymous_8)
FNDA:2,(anonymous_9)
DA:28,2
DA:31,2
DA:36,2
DA:43,0
DA:44,0
DA:53,2
DA:62,0
DA:72,0
DA:82,0
DA:86,2
DA:88,2
DA:89,0
DA:90,0
DA:91,0
DA:108,0
DA:116,0
DA:120,0
DA:123,0
DA:124,0
DA:130,0
DA:135,0
DA:138,2
DA:141,2
LF:23
LH:8
BRDA:43,0,0,0
BRDA:43,0,1,0
BRDA:97,1,0,0
BRDA:97,1,1,0
BRDA:110,2,0,0
BRDA:110,2,1,0
BRDA:113,3,0,0
BRDA:113,3,1,0
BRDA:123,4,0,0
BRDA:123,4,1,0
BRF:10
BRH:0
end_of_record
TN:
SF:/Users/dsmith/dev/incubator-superset/superset/assets/src/welcome/TagsTable.jsx
FN:39,(anonymous_0)
FN:46,(anonymous_1)
FN:49,(anonymous_2)
FN:54,(anonymous_3)
FN:55,(anonymous_4)
FN:57,(anonymous_5)
FN:63,(anonymous_6)
FN:64,(anonymous_7)
FN:85,(anonymous_8)
FNF:9
FNH:0
FNDA:0,(anonymous_0)
FNDA:0,(anonymous_1)
FNDA:0,(anonymous_2)
FNDA:0,(anonymous_3)
FNDA:0,(anonymous_4)
FNDA:0,(anonymous_5)
FNDA:0,(anonymous_6)
FNDA:0,(anonymous_7)
FNDA:0,(anonymous_8)
DA:30,1
DA:34,1
DA:40,0
DA:41,0
DA:44,0
DA:47,0
DA:50,0
DA:51,0
DA:55,0
DA:56,0
DA:57,0
DA:58,0
DA:60,0
DA:64,0
DA:69,0
DA:86,0
DA:87,0
DA:100,0
DA:104,1
DA:105,1
LF:20
LH:4
BRDA:50,0,0,0
BRDA:50,0,1,0
BRDA:86,1,0,0
BRDA:86,1,1,0
BRF:4
BRH:0
end_of_record
TN:
SF:/Users/dsmith/dev/incubator-superset/superset/assets/src/welcome/Welcome.jsx
FN:36,useSyncQueryState
FN:40,(anonymous_1)
FN:48,useFetchSuggestions
FN:51,(anonymous_3)
FN:52,(anonymous_4)
FN:55,(anonymous_5)
FN:63,Welcome
FN:97,(anonymous_7)
FN:119,(anonymous_8)
FNF:9
FNH:3
FNDA:2,useSyncQueryState
FNDA:0,(anonymous_1)
FNDA:1,useFetchSuggestions
FNDA:0,(anonymous_3)
FNDA:0,(anonymous_4)
FNDA:0,(anonymous_5)
FNDA:1,Welcome
FNDA:0,(anonymous_7)
FNDA:0,(anonymous_8)
DA:32,1
DA:37,2
DA:38,2
DA:40,2
DA:41,0
DA:42,0
DA:45,2
DA:49,1
DA:51,1
DA:52,0
DA:53,0
DA:55,0
DA:60,1
DA:64,1
DA:70,1
DA:76,1
DA:77,1
DA:79,1
DA:97,0
DA:119,0
DA:154,1
LF:21
LH:14
BRDA:38,0,0,2
BRDA:38,0,1,2
BRDA:76,1,0,1
BRDA:76,1,1,1
BRF:4
BRH:4
end_of_record
TN:
SF:/Users/dsmith/dev/incubator-superset/superset/assets/src/welcome/index.jsx
FNF:0
FNH:0
DA:23,0
LF:1
LH:0
BRF:0
BRH:0
end_of_record
